0 verbose cli /usr/local/bin/node /usr/local/bin/npm
1 info using npm@11.8.0
2 info using node@v24.13.0
3 silly config load:file:/usr/local/lib/node_modules/npm/npmrc
4 silly config load:file:/Users/minhazuddinchowdhury/Documents/Dev/tigoo-mvp-v1/.npmrc
5 silly config load:file:/Users/minhazuddinchowdhury/.npmrc
6 silly config load:file:/usr/local/etc/npmrc
7 verbose title npm install react-native-screens react-native-safe-area-context @react-navigation/native @react-navigation/native-stack
8 verbose argv "install" "react-native-screens" "react-native-safe-area-context" "@react-navigation/native" "@react-navigation/native-stack"
9 verbose logfile logs-max:10 dir:/Users/minhazuddinchowdhury/Documents/Dev/tigoo-mvp-v1/.npm-cache/_logs/2026-02-01T13_15_23_396Z-
10 verbose logfile /Users/minhazuddinchowdhury/Documents/Dev/tigoo-mvp-v1/.npm-cache/_logs/2026-02-01T13_15_23_396Z-debug-0.log
11 silly logfile done cleaning log files
12 silly packumentCache heap:4496293888 maxSize:1124073472 maxEntrySize:562036736
13 silly idealTree buildDeps
14 silly fetch manifest react-native-screens@*
15 silly packumentCache full:https://registry.npmjs.org/react-native-screens cache-miss
16 http fetch GET 200 https://registry.npmjs.org/npm 476ms
17 http fetch GET 200 https://registry.npmjs.org/react-native-screens 226ms (cache miss)
18 silly packumentCache full:https://registry.npmjs.org/react-native-screens set size:undefined disposed:false
19 silly fetch manifest react@19.1.0
20 silly packumentCache full:https://registry.npmjs.org/react cache-miss
21 http fetch GET 200 https://registry.npmjs.org/react 139ms (cache miss)
22 silly packumentCache full:https://registry.npmjs.org/react set size:undefined disposed:false
23 silly fetch manifest react-native@0.81.5
24 silly packumentCache full:https://registry.npmjs.org/react-native cache-miss
25 http fetch GET 200 https://registry.npmjs.org/react-native 978ms (cache miss)
26 silly packumentCache full:https://registry.npmjs.org/react-native set size:undefined disposed:false
27 silly fetch manifest @types/react@~19.1.0
28 silly packumentCache full:https://registry.npmjs.org/@types%2freact cache-miss
29 http fetch GET 200 https://registry.npmjs.org/@types%2freact 588ms (cache miss)
30 silly packumentCache full:https://registry.npmjs.org/@types%2freact set size:undefined disposed:false
31 silly fetch manifest react-native-safe-area-context@*
32 silly packumentCache full:https://registry.npmjs.org/react-native-safe-area-context cache-miss
33 http fetch GET 200 https://registry.npmjs.org/react-native-safe-area-context 29ms (cache miss)
34 silly packumentCache full:https://registry.npmjs.org/react-native-safe-area-context set size:undefined disposed:false
35 silly fetch manifest @react-navigation/native@*
36 silly packumentCache full:https://registry.npmjs.org/@react-navigation%2fnative cache-miss
37 http fetch GET 200 https://registry.npmjs.org/@react-navigation%2fnative 51ms (cache miss)
38 silly packumentCache full:https://registry.npmjs.org/@react-navigation%2fnative set size:undefined disposed:false
39 silly fetch manifest @react-navigation/native-stack@*
40 silly packumentCache full:https://registry.npmjs.org/@react-navigation%2fnative-stack cache-miss
41 http fetch GET 200 https://registry.npmjs.org/@react-navigation%2fnative-stack 56ms (cache miss)
42 silly packumentCache full:https://registry.npmjs.org/@react-navigation%2fnative-stack set size:undefined disposed:false
43 silly placeDep ROOT @react-navigation/native@7.1.28 OK for: tigoo-mvp-v1@1.0.0 want: *
44 silly placeDep ROOT @react-navigation/native-stack@7.11.0 OK for: tigoo-mvp-v1@1.0.0 want: *
45 silly placeDep ROOT react-native-screens@4.20.0 OK for: @react-navigation/native-stack@7.11.0 want: >= 4.0.0
46 silly placeDep ROOT react-native-safe-area-context@5.6.2 OK for: @react-navigation/native-stack@7.11.0 want: >= 4.0.0
47 silly placeDep ROOT react-native-safe-area-context@5.6.2 REPLACE for: tigoo-mvp-v1@1.0.0 want: *
48 silly placeDep ROOT react-native-screens@4.20.0 REPLACE for: tigoo-mvp-v1@1.0.0 want: *
49 silly fetch manifest fast-deep-equal@^3.1.3
50 silly packumentCache full:https://registry.npmjs.org/fast-deep-equal cache-miss
51 silly fetch manifest use-latest-callback@^0.2.4
52 silly packumentCache full:https://registry.npmjs.org/use-latest-callback cache-miss
53 silly fetch manifest escape-string-regexp@^4.0.0
54 silly packumentCache full:https://registry.npmjs.org/escape-string-regexp cache-miss
55 silly fetch manifest @react-navigation/core@^7.14.0
56 silly packumentCache full:https://registry.npmjs.org/@react-navigation%2fcore cache-miss
57 silly fetch manifest color@^4.2.3
58 silly packumentCache full:https://registry.npmjs.org/color cache-miss
59 silly fetch manifest warn-once@^0.1.1
60 silly packumentCache full:https://registry.npmjs.org/warn-once cache-miss
61 silly fetch manifest sf-symbols-typescript@^2.1.0
62 silly packumentCache full:https://registry.npmjs.org/sf-symbols-typescript cache-miss
63 silly fetch manifest @react-navigation/elements@^2.9.5
64 silly packumentCache full:https://registry.npmjs.org/@react-navigation%2felements cache-miss
65 silly fetch manifest warn-once@^0.1.0
66 silly packumentCache full:https://registry.npmjs.org/warn-once cache-miss
67 silly fetch manifest react-freeze@^1.0.0
68 silly packumentCache full:https://registry.npmjs.org/react-freeze cache-miss
69 silly fetch manifest warn-once@^0.1.0
70 silly packumentCache full:https://registry.npmjs.org/warn-once cache-miss
71 http fetch GET 200 https://registry.npmjs.org/escape-string-regexp 93ms (cache miss)
72 silly packumentCache full:https://registry.npmjs.org/escape-string-regexp set size:undefined disposed:false
73 silly fetch manifest react-freeze@^1.0.0
74 silly packumentCache full:https://registry.npmjs.org/react-freeze cache-miss
75 http fetch GET 200 https://registry.npmjs.org/use-latest-callback 280ms (cache miss)
76 silly packumentCache full:https://registry.npmjs.org/use-latest-callback set size:undefined disposed:false
77 http fetch GET 200 https://registry.npmjs.org/fast-deep-equal 291ms (cache miss)
78 silly packumentCache full:https://registry.npmjs.org/fast-deep-equal set size:undefined disposed:false
79 http fetch GET 200 https://registry.npmjs.org/sf-symbols-typescript 337ms (cache miss)
80 silly packumentCache full:https://registry.npmjs.org/sf-symbols-typescript set size:undefined disposed:false
81 http fetch GET 200 https://registry.npmjs.org/warn-once 387ms (cache miss)
82 silly packumentCache full:https://registry.npmjs.org/warn-once set size:undefined disposed:false
83 http fetch GET 200 https://registry.npmjs.org/warn-once 387ms (cache miss)
84 silly packumentCache full:https://registry.npmjs.org/warn-once set size:undefined disposed:false
85 http fetch GET 200 https://registry.npmjs.org/@react-navigation%2fcore 906ms (cache miss)
86 silly packumentCache full:https://registry.npmjs.org/@react-navigation%2fcore set size:undefined disposed:false
87 http fetch GET 200 https://registry.npmjs.org/react-freeze 1053ms (cache miss)
88 silly packumentCache full:https://registry.npmjs.org/react-freeze set size:undefined disposed:false
89 http fetch GET 200 https://registry.npmjs.org/warn-once 1056ms (cache miss)
90 silly packumentCache full:https://registry.npmjs.org/warn-once set size:undefined disposed:false
91 http fetch GET 200 https://registry.npmjs.org/react-freeze 991ms (cache miss)
92 silly packumentCache full:https://registry.npmjs.org/react-freeze set size:undefined disposed:false
93 http fetch GET 200 https://registry.npmjs.org/color 1096ms (cache miss)
94 silly packumentCache full:https://registry.npmjs.org/color set size:undefined disposed:false
95 http fetch GET 200 https://registry.npmjs.org/@react-navigation%2felements 1097ms (cache miss)
96 silly packumentCache full:https://registry.npmjs.org/@react-navigation%2felements set size:undefined disposed:false
97 silly fetch manifest react@>= 18.2.0
98 silly packumentCache full:https://registry.npmjs.org/react cache-miss
99 http cache https://registry.npmjs.org/react 22ms (cache hit)
100 silly packumentCache full:https://registry.npmjs.org/react set size:6438906 disposed:false
101 silly placeDep ROOT @react-navigation/core@7.14.0 OK for: @react-navigation/native@7.1.28 want: ^7.14.0
102 silly placeDep node_modules/@react-navigation/native escape-string-regexp@4.0.0 OK for: @react-navigation/native@7.1.28 want: ^4.0.0
103 silly placeDep ROOT fast-deep-equal@3.1.3 OK for: @react-navigation/native@7.1.28 want: ^3.1.3
104 silly placeDep ROOT use-latest-callback@0.2.6 OK for: @react-navigation/native@7.1.28 want: ^0.2.4
105 silly fetch manifest react-is@^19.1.0
106 silly packumentCache full:https://registry.npmjs.org/react-is cache-miss
107 silly fetch manifest query-string@^7.1.3
108 silly packumentCache full:https://registry.npmjs.org/query-string cache-miss
109 silly fetch manifest use-sync-external-store@^1.5.0
110 silly packumentCache full:https://registry.npmjs.org/use-sync-external-store cache-miss
111 silly fetch manifest @react-navigation/routers@^7.5.3
112 silly packumentCache full:https://registry.npmjs.org/@react-navigation%2frouters cache-miss
113 http fetch GET 200 https://registry.npmjs.org/react-is 442ms (cache miss)
114 silly packumentCache full:https://registry.npmjs.org/react-is set size:undefined disposed:false
115 http fetch GET 200 https://registry.npmjs.org/query-string 570ms (cache miss)
116 silly packumentCache full:https://registry.npmjs.org/query-string set size:undefined disposed:false
117 http fetch GET 200 https://registry.npmjs.org/use-sync-external-store 667ms (cache miss)
118 silly packumentCache full:https://registry.npmjs.org/use-sync-external-store set size:undefined disposed:false
119 http fetch GET 200 https://registry.npmjs.org/@react-navigation%2frouters 784ms (cache miss)
120 silly packumentCache full:https://registry.npmjs.org/@react-navigation%2frouters set size:undefined disposed:false
121 silly placeDep ROOT @react-navigation/routers@7.5.3 OK for: @react-navigation/core@7.14.0 want: ^7.5.3
122 silly placeDep node_modules/@react-navigation/core escape-string-regexp@4.0.0 OK for: @react-navigation/core@7.14.0 want: ^4.0.0
123 silly placeDep ROOT query-string@7.1.3 OK for: @react-navigation/core@7.14.0 want: ^7.1.3
124 silly placeDep node_modules/@react-navigation/core react-is@19.2.4 OK for: @react-navigation/core@7.14.0 want: ^19.1.0
125 silly placeDep ROOT use-sync-external-store@1.6.0 OK for: @react-navigation/core@7.14.0 want: ^1.5.0
126 silly fetch manifest filter-obj@^1.1.0
127 silly packumentCache full:https://registry.npmjs.org/filter-obj cache-miss
128 silly fetch manifest split-on-first@^1.0.0
129 silly packumentCache full:https://registry.npmjs.org/split-on-first cache-miss
130 silly fetch manifest strict-uri-encode@^2.0.0
131 silly packumentCache full:https://registry.npmjs.org/strict-uri-encode cache-miss
132 silly fetch manifest decode-uri-component@^0.2.2
133 silly packumentCache full:https://registry.npmjs.org/decode-uri-component cache-miss
134 http fetch GET 200 https://registry.npmjs.org/filter-obj 268ms (cache miss)
135 silly packumentCache full:https://registry.npmjs.org/filter-obj set size:undefined disposed:false
136 http fetch GET 200 https://registry.npmjs.org/strict-uri-encode 274ms (cache miss)
137 silly packumentCache full:https://registry.npmjs.org/strict-uri-encode set size:undefined disposed:false
138 http fetch GET 200 https://registry.npmjs.org/split-on-first 281ms (cache miss)
139 silly packumentCache full:https://registry.npmjs.org/split-on-first set size:undefined disposed:false
140 http fetch GET 200 https://registry.npmjs.org/decode-uri-component 282ms (cache miss)
141 silly packumentCache full:https://registry.npmjs.org/decode-uri-component set size:undefined disposed:false
142 silly fetch manifest @react-native-masked-view/masked-view@>= 0.2.0
143 silly packumentCache full:https://registry.npmjs.org/@react-native-masked-view%2fmasked-view cache-miss
144 http fetch GET 200 https://registry.npmjs.org/@react-native-masked-view%2fmasked-view 1267ms (cache miss)
145 silly packumentCache full:https://registry.npmjs.org/@react-native-masked-view%2fmasked-view set size:undefined disposed:false
146 silly fetch manifest react-native@*
147 silly packumentCache full:https://registry.npmjs.org/react-native cache-miss
148 http cache https://registry.npmjs.org/react-native 36ms (cache hit)
149 silly packumentCache full:https://registry.npmjs.org/react-native set size:14756030 disposed:false
150 silly fetch manifest @types/react@^19.1.1
151 silly packumentCache full:https://registry.npmjs.org/@types%2freact cache-miss
152 http cache https://registry.npmjs.org/@types%2freact 23ms (cache hit)
153 silly packumentCache full:https://registry.npmjs.org/@types%2freact set size:2555610 disposed:false
154 silly fetch manifest @react-navigation/native@^7.1.28
155 silly packumentCache full:https://registry.npmjs.org/@react-navigation%2fnative cache-miss
156 http cache https://registry.npmjs.org/@react-navigation%2fnative 6ms (cache hit)
157 silly packumentCache full:https://registry.npmjs.org/@react-navigation%2fnative set size:1003473 disposed:false
158 silly fetch manifest react-native-safe-area-context@>= 4.0.0
159 silly packumentCache full:https://registry.npmjs.org/react-native-safe-area-context cache-miss
160 http cache https://registry.npmjs.org/react-native-safe-area-context 5ms (cache hit)
161 silly packumentCache full:https://registry.npmjs.org/react-native-safe-area-context set size:657519 disposed:false
162 silly placeDep ROOT @react-navigation/elements@2.9.5 OK for: @react-navigation/native-stack@7.11.0 want: ^2.9.5
163 silly placeDep ROOT color@4.2.3 OK for: @react-navigation/native-stack@7.11.0 want: ^4.2.3
164 silly placeDep ROOT sf-symbols-typescript@2.2.0 OK for: @react-navigation/native-stack@7.11.0 want: ^2.1.0
165 silly placeDep ROOT warn-once@0.1.1 OK for: @react-navigation/native-stack@7.11.0 want: ^0.1.1
166 silly fetch manifest color-string@^1.9.0
167 silly packumentCache full:https://registry.npmjs.org/color-string cache-miss
168 silly fetch manifest color-convert@^2.0.1
169 silly packumentCache full:https://registry.npmjs.org/color-convert cache-miss
170 http fetch GET 200 https://registry.npmjs.org/color-convert 30ms (cache miss)
171 silly packumentCache full:https://registry.npmjs.org/color-convert set size:undefined disposed:false
172 http fetch GET 200 https://registry.npmjs.org/color-string 275ms (cache miss)
173 silly packumentCache full:https://registry.npmjs.org/color-string set size:undefined disposed:false
174 silly placeDep node_modules/color color-convert@2.0.1 OK for: color@4.2.3 want: ^2.0.1
175 silly placeDep ROOT color-string@1.9.1 OK for: color@4.2.3 want: ^1.9.0
176 silly fetch manifest color-name@~1.1.4
177 silly packumentCache full:https://registry.npmjs.org/color-name cache-miss
178 silly fetch manifest simple-swizzle@^0.2.2
179 silly packumentCache full:https://registry.npmjs.org/simple-swizzle cache-miss
180 http fetch GET 200 https://registry.npmjs.org/color-name 25ms (cache miss)
181 silly packumentCache full:https://registry.npmjs.org/color-name set size:undefined disposed:false
182 http fetch GET 200 https://registry.npmjs.org/simple-swizzle 809ms (cache miss)
183 silly packumentCache full:https://registry.npmjs.org/simple-swizzle set size:undefined disposed:false
184 silly placeDep ROOT simple-swizzle@0.2.4 OK for: color-string@1.9.1 want: ^0.2.2
185 silly fetch manifest is-arrayish@^0.3.1
186 silly packumentCache full:https://registry.npmjs.org/is-arrayish cache-miss
187 http fetch GET 200 https://registry.npmjs.org/is-arrayish 274ms (cache miss)
188 silly packumentCache full:https://registry.npmjs.org/is-arrayish set size:undefined disposed:false
189 silly placeDep ROOT decode-uri-component@0.2.2 OK for: query-string@7.1.3 want: ^0.2.2
190 silly placeDep ROOT filter-obj@1.1.0 OK for: query-string@7.1.3 want: ^1.1.0
191 silly placeDep ROOT split-on-first@1.1.0 OK for: query-string@7.1.3 want: ^1.0.0
192 silly placeDep ROOT strict-uri-encode@2.0.0 OK for: query-string@7.1.3 want: ^2.0.0
193 silly fetch manifest react@*
194 silly packumentCache full:https://registry.npmjs.org/react cache-miss
195 http cache https://registry.npmjs.org/react 15ms (cache hit)
196 silly packumentCache full:https://registry.npmjs.org/react set size:6438906 disposed:false
197 silly placeDep ROOT react-freeze@1.0.4 OK for: react-native-screens@4.20.0 want: ^1.0.0
198 silly placeDep ROOT is-arrayish@0.3.4 OK for: simple-swizzle@0.2.4 want: ^0.3.1
199 silly placeDep node_modules/color color-name@1.1.4 OK for: color-convert@2.0.1 want: ~1.1.4
200 silly reify moves {}
201 silly audit bulk request {
201 silly audit   '@0no-co/graphql.web': [ '1.2.0' ],
201 silly audit   '@babel/code-frame': [ '7.10.4', '7.29.0' ],
201 silly audit   '@babel/compat-data': [ '7.29.0' ],
201 silly audit   '@babel/core': [ '7.29.0' ],
201 silly audit   semver: [ '6.3.1', '7.7.3' ],
201 silly audit   '@babel/generator': [ '7.29.0' ],
201 silly audit   '@babel/helper-annotate-as-pure': [ '7.27.3' ],
201 silly audit   '@babel/helper-compilation-targets': [ '7.28.6' ],
201 silly audit   '@babel/helper-create-class-features-plugin': [ '7.28.6' ],
201 silly audit   '@babel/helper-create-regexp-features-plugin': [ '7.28.5' ],
201 silly audit   '@babel/helper-define-polyfill-provider': [ '0.6.6' ],
201 silly audit   '@babel/helper-globals': [ '7.28.0' ],
201 silly audit   '@babel/helper-member-expression-to-functions': [ '7.28.5' ],
201 silly audit   '@babel/helper-module-imports': [ '7.28.6' ],
201 silly audit   '@babel/helper-module-transforms': [ '7.28.6' ],
201 silly audit   '@babel/helper-optimise-call-expression': [ '7.27.1' ],
201 silly audit   '@babel/helper-plugin-utils': [ '7.28.6' ],
201 silly audit   '@babel/helper-remap-async-to-generator': [ '7.27.1' ],
201 silly audit   '@babel/helper-replace-supers': [ '7.28.6' ],
201 silly audit   '@babel/helper-skip-transparent-expression-wrappers': [ '7.27.1' ],
201 silly audit   '@babel/helper-string-parser': [ '7.27.1' ],
201 silly audit   '@babel/helper-validator-identifier': [ '7.28.5' ],
201 silly audit   '@babel/helper-validator-option': [ '7.27.1' ],
201 silly audit   '@babel/helper-wrap-function': [ '7.28.6' ],
201 silly audit   '@babel/helpers': [ '7.28.6' ],
201 silly audit   '@babel/highlight': [ '7.25.9' ],
201 silly audit   '@babel/parser': [ '7.29.0' ],
201 silly audit   '@babel/plugin-proposal-decorators': [ '7.29.0' ],
201 silly audit   '@babel/plugin-proposal-export-default-from': [ '7.27.1' ],
201 silly audit   '@babel/plugin-syntax-async-generators': [ '7.8.4' ],
201 silly audit   '@babel/plugin-syntax-bigint': [ '7.8.3' ],
201 silly audit   '@babel/plugin-syntax-class-properties': [ '7.12.13' ],
201 silly audit   '@babel/plugin-syntax-class-static-block': [ '7.14.5' ],
201 silly audit   '@babel/plugin-syntax-decorators': [ '7.28.6' ],
201 silly audit   '@babel/plugin-syntax-dynamic-import': [ '7.8.3' ],
201 silly audit   '@babel/plugin-syntax-export-default-from': [ '7.28.6' ],
201 silly audit   '@babel/plugin-syntax-flow': [ '7.28.6' ],
201 silly audit   '@babel/plugin-syntax-import-attributes': [ '7.28.6' ],
201 silly audit   '@babel/plugin-syntax-import-meta': [ '7.10.4' ],
201 silly audit   '@babel/plugin-syntax-json-strings': [ '7.8.3' ],
201 silly audit   '@babel/plugin-syntax-jsx': [ '7.28.6' ],
201 silly audit   '@babel/plugin-syntax-logical-assignment-operators': [ '7.10.4' ],
201 silly audit   '@babel/plugin-syntax-nullish-coalescing-operator': [ '7.8.3' ],
201 silly audit   '@babel/plugin-syntax-numeric-separator': [ '7.10.4' ],
201 silly audit   '@babel/plugin-syntax-object-rest-spread': [ '7.8.3' ],
201 silly audit   '@babel/plugin-syntax-optional-catch-binding': [ '7.8.3' ],
201 silly audit   '@babel/plugin-syntax-optional-chaining': [ '7.8.3' ],
201 silly audit   '@babel/plugin-syntax-private-property-in-object': [ '7.14.5' ],
201 silly audit   '@babel/plugin-syntax-top-level-await': [ '7.14.5' ],
201 silly audit   '@babel/plugin-syntax-typescript': [ '7.28.6' ],
201 silly audit   '@babel/plugin-transform-arrow-functions': [ '7.27.1' ],
201 silly audit   '@babel/plugin-transform-async-generator-functions': [ '7.29.0' ],
201 silly audit   '@babel/plugin-transform-async-to-generator': [ '7.28.6' ],
201 silly audit   '@babel/plugin-transform-block-scoping': [ '7.28.6' ],
201 silly audit   '@babel/plugin-transform-class-properties': [ '7.28.6' ],
201 silly audit   '@babel/plugin-transform-class-static-block': [ '7.28.6' ],
201 silly audit   '@babel/plugin-transform-classes': [ '7.28.6' ],
201 silly audit   '@babel/plugin-transform-computed-properties': [ '7.28.6' ],
201 silly audit   '@babel/plugin-transform-destructuring': [ '7.28.5' ],
201 silly audit   '@babel/plugin-transform-export-namespace-from': [ '7.27.1' ],
201 silly audit   '@babel/plugin-transform-flow-strip-types': [ '7.27.1' ],
201 silly audit   '@babel/plugin-transform-for-of': [ '7.27.1' ],
201 silly audit   '@babel/plugin-transform-function-name': [ '7.27.1' ],
201 silly audit   '@babel/plugin-transform-literals': [ '7.27.1' ],
201 silly audit   '@babel/plugin-transform-logical-assignment-operators': [ '7.28.6' ],
201 silly audit   '@babel/plugin-transform-modules-commonjs': [ '7.28.6' ],
201 silly audit   '@babel/plugin-transform-named-capturing-groups-regex': [ '7.29.0' ],
201 silly audit   '@babel/plugin-transform-nullish-coalescing-operator': [ '7.28.6' ],
201 silly audit   '@babel/plugin-transform-numeric-separator': [ '7.28.6' ],
201 silly audit   '@babel/plugin-transform-object-rest-spread': [ '7.28.6' ],
201 silly audit   '@babel/plugin-transform-optional-catch-binding': [ '7.28.6' ],
201 silly audit   '@babel/plugin-transform-optional-chaining': [ '7.28.6' ],
201 silly audit   '@babel/plugin-transform-parameters': [ '7.27.7' ],
201 silly audit   '@babel/plugin-transform-private-methods': [ '7.28.6' ],
201 silly audit   '@babel/plugin-transform-private-property-in-object': [ '7.28.6' ],
201 silly audit   '@babel/plugin-transform-react-display-name': [ '7.28.0' ],
201 silly audit   '@babel/plugin-transform-react-jsx': [ '7.28.6' ],
201 silly audit   '@babel/plugin-transform-react-jsx-development': [ '7.27.1' ],
201 silly audit   '@babel/plugin-transform-react-jsx-self': [ '7.27.1' ],
201 silly audit   '@babel/plugin-transform-react-jsx-source': [ '7.27.1' ],
201 silly audit   '@babel/plugin-transform-react-pure-annotations': [ '7.27.1' ],
201 silly audit   '@babel/plugin-transform-regenerator': [ '7.29.0' ],
201 silly audit   '@babel/plugin-transform-runtime': [ '7.29.0' ],
201 silly audit   '@babel/plugin-transform-shorthand-properties': [ '7.27.1' ],
201 silly audit   '@babel/plugin-transform-spread': [ '7.28.6' ],
201 silly audit   '@babel/plugin-transform-sticky-regex': [ '7.27.1' ],
201 silly audit   '@babel/plugin-transform-typescript': [ '7.28.6' ],
201 silly audit   '@babel/plugin-transform-unicode-regex': [ '7.27.1' ],
201 silly audit   '@babel/preset-react': [ '7.28.5' ],
201 silly audit   '@babel/preset-typescript': [ '7.28.5' ],
201 silly audit   '@babel/runtime': [ '7.28.6' ],
201 silly audit   '@babel/template': [ '7.28.6' ],
201 silly audit   '@babel/traverse': [ '7.29.0' ],
201 silly audit   '@babel/types': [ '7.29.0' ],
201 silly audit   '@expo/code-signing-certificates': [ '0.0.6' ],
201 silly audit   '@expo/config': [ '12.0.13' ],
201 silly audit   '@expo/config-plugins': [ '54.0.4' ],
201 silly audit   'ansi-styles': [ '4.3.0', '3.2.1', '5.2.0' ],
201 silly audit   chalk: [ '4.1.2', '2.4.2' ],
201 silly audit   'color-convert': [ '2.0.1', '1.9.3' ],
201 silly audit   'color-name': [ '1.1.4', '1.1.3' ],
201 silly audit   'has-flag': [ '4.0.0', '3.0.0' ],
201 silly audit   'supports-color': [ '7.2.0', '8.1.1', '5.5.0' ],
201 silly audit   '@expo/config-types': [ '54.0.10' ],
201 silly audit   '@expo/devcert': [ '1.2.1' ],
201 silly audit   debug: [ '3.2.7', '2.6.9', '4.4.3' ],
201 silly audit   '@expo/devtools': [ '0.1.8' ],
201 silly audit   '@expo/env': [ '2.0.8' ],
201 silly audit   '@expo/fingerprint': [ '0.15.4' ],
201 silly audit   '@expo/image-utils': [ '0.8.8' ],
201 silly audit   '@expo/json-file': [ '10.0.8' ],
201 silly audit   '@expo/metro': [ '54.2.0' ],
201 silly audit   '@expo/osascript': [ '2.3.8' ],
201 silly audit   '@expo/package-manager': [ '1.9.10' ],
201 silly audit   '@expo/plist': [ '0.4.8' ],
201 silly audit   '@expo/schema-utils': [ '0.1.8' ],
201 silly audit   '@expo/sdk-runtime-versions': [ '1.0.0' ],
201 silly audit   '@expo/spawn-async': [ '1.7.2' ],
201 silly audit   '@expo/sudo-prompt': [ '9.3.2' ],
201 silly audit   '@expo/ws-tunnel': [ '1.0.6' ],
201 silly audit   '@expo/xcpretty': [ '4.4.0' ],
201 silly audit   argparse: [ '2.0.1', '1.0.10' ],
201 silly audit   'js-yaml': [ '4.1.1', '3.14.2' ],
201 silly audit   '@isaacs/balanced-match': [ '4.0.1' ],
201 silly audit   '@isaacs/brace-expansion': [ '5.0.0' ],
201 silly audit   '@isaacs/fs-minipass': [ '4.0.1' ],
201 silly audit   '@isaacs/ttlcache': [ '1.4.1' ],
201 silly audit   '@istanbuljs/load-nyc-config': [ '1.1.0' ],
201 silly audit   camelcase: [ '5.3.1', '6.3.0' ],
201 silly audit   '@istanbuljs/schema': [ '0.1.3' ],
201 silly audit   '@jest/create-cache-key-function': [ '29.7.0' ],
201 silly audit   '@jest/environment': [ '29.7.0' ],
201 silly audit   '@jest/fake-timers': [ '29.7.0' ],
201 silly audit   '@jest/schemas': [ '29.6.3' ],
201 silly audit   '@jest/transform': [ '29.7.0' ],
201 silly audit   '@jest/types': [ '29.6.3' ],
201 silly audit   '@jridgewell/gen-mapping': [ '0.3.13' ],
201 silly audit   '@jridgewell/remapping': [ '2.3.5' ],
201 silly audit   '@jridgewell/resolve-uri': [ '3.1.2' ],
201 silly audit   '@jridgewell/source-map': [ '0.3.11' ],
201 silly audit   '@jridgewell/sourcemap-codec': [ '1.5.5' ],
201 silly audit   '@jridgewell/trace-mapping': [ '0.3.31' ],
201 silly audit   '@react-native/assets-registry': [ '0.81.5' ],
201 silly audit   '@react-native/babel-plugin-codegen': [ '0.81.5' ],
201 silly audit   '@react-native/babel-preset': [ '0.81.5' ],
201 silly audit   '@react-native/codegen': [ '0.81.5' ],
201 silly audit   'brace-expansion': [ '1.1.12', '2.0.2' ],
201 silly audit   glob: [ '7.2.3', '13.0.0' ],
201 silly audit   'hermes-estree': [ '0.29.1', '0.32.0' ],
201 silly audit   'hermes-parser': [ '0.29.1', '0.32.0' ],
201 silly audit   minimatch: [ '3.1.2', '10.1.1', '9.0.5' ],
201 silly audit   '@react-native/community-cli-plugin': [ '0.81.5' ],
201 silly audit   '@react-native/debugger-frontend': [ '0.81.5' ],
201 silly audit   '@react-native/dev-middleware': [ '0.81.5' ],
201 silly audit   ws: [ '6.2.3', '8.19.0', '7.5.10' ],
201 silly audit   '@react-native/gradle-plugin': [ '0.81.5' ],
201 silly audit   '@react-native/js-polyfills': [ '0.81.5' ],
201 silly audit   '@react-native/normalize-colors': [ '0.81.5' ],
201 silly audit   '@sinclair/typebox': [ '0.27.8' ],
201 silly audit   '@sinonjs/commons': [ '3.0.1' ],
201 silly audit   '@sinonjs/fake-timers': [ '10.3.0' ],
201 silly audit   '@types/babel__core': [ '7.20.5' ],
201 silly audit   '@types/babel__generator': [ '7.27.0' ],
201 silly audit   '@types/babel__template': [ '7.4.4' ],
201 silly audit   '@types/babel__traverse': [ '7.28.0' ],
201 silly audit   '@types/graceful-fs': [ '4.1.9' ],
201 silly audit   '@types/istanbul-lib-coverage': [ '2.0.6' ],
201 silly audit   '@types/istanbul-lib-report': [ '3.0.3' ],
201 silly audit   '@types/istanbul-reports': [ '3.0.4' ],
201 silly audit   '@types/node': [ '25.1.0' ],
201 silly audit   '@types/react': [ '19.1.17' ],
201 silly audit   '@types/stack-utils': [ '2.0.3' ],
201 silly audit   '@types/yargs': [ '17.0.35' ],
201 silly audit   '@types/yargs-parser': [ '21.0.3' ],
201 silly audit   '@ungap/structured-clone': [ '1.3.0' ],
201 silly audit   '@urql/core': [ '5.2.0' ],
201 silly audit   '@urql/exchange-retry': [ '1.3.2' ],
201 silly audit   '@xmldom/xmldom': [ '0.8.11' ],
201 silly audit   'abort-controller': [ '3.0.0' ],
201 silly audit   accepts: [ '1.3.8' ],
201 silly audit   acorn: [ '8.15.0' ],
201 silly audit   'agent-base': [ '7.1.4' ],
201 silly audit   anser: [ '1.4.10' ],
201 silly audit   'ansi-escapes': [ '4.3.2' ],
201 silly audit   'type-fest': [ '0.21.3', '0.7.1' ],
201 silly audit   'ansi-regex': [ '5.0.1', '4.1.1' ],
201 silly audit   'any-promise': [ '1.3.0' ],
201 silly audit   anymatch: [ '3.1.3' ],
201 silly audit   arg: [ '5.0.2' ],
201 silly audit   asap: [ '2.0.6' ],
201 silly audit   'async-limiter': [ '1.0.1' ],
201 silly audit   'babel-jest': [ '29.7.0' ],
201 silly audit   'babel-plugin-istanbul': [ '6.1.1' ],
201 silly audit   'babel-plugin-jest-hoist': [ '29.6.3' ],
201 silly audit   'babel-plugin-polyfill-corejs2': [ '0.4.15' ],
201 silly audit   'babel-plugin-polyfill-corejs3': [ '0.13.0' ],
201 silly audit   'babel-plugin-polyfill-regenerator': [ '0.6.6' ],
201 silly audit   'babel-plugin-react-compiler': [ '1.0.0' ],
201 silly audit   'babel-plugin-react-native-web': [ '0.21.2' ],
201 silly audit   'babel-plugin-syntax-hermes-parser': [ '0.29.1' ],
201 silly audit   'babel-plugin-transform-flow-enums': [ '0.0.2' ],
201 silly audit   'babel-preset-current-node-syntax': [ '1.2.0' ],
201 silly audit   'babel-preset-jest': [ '29.6.3' ],
201 silly audit   'balanced-match': [ '1.0.2' ],
201 silly audit   'base64-js': [ '1.5.1' ],
201 silly audit   'baseline-browser-mapping': [ '2.9.19' ],
201 silly audit   'better-opn': [ '3.0.2' ],
201 silly audit   open: [ '8.4.2', '7.4.2' ],
201 silly audit   'big-integer': [ '1.6.52' ],
201 silly audit   'bplist-creator': [ '0.1.0' ],
201 silly audit   'bplist-parser': [ '0.3.1' ],
201 silly audit   braces: [ '3.0.3' ],
201 silly audit   browserslist: [ '4.28.1' ],
201 silly audit   bser: [ '2.1.1' ],
201 silly audit   buffer: [ '5.7.1' ],
201 silly audit   'buffer-from': [ '1.1.2' ],
201 silly audit   bytes: [ '3.1.2' ],
201 silly audit   'caniuse-lite': [ '1.0.30001766' ],
201 silly audit   chownr: [ '3.0.0' ],
201 silly audit   'chrome-launcher': [ '0.15.2' ],
201 silly audit   'escape-string-regexp': [ '4.0.0', '1.0.5', '2.0.0' ],
201 silly audit   'chromium-edge-launcher': [ '0.2.0' ],
201 silly audit   'ci-info': [ '2.0.0', '3.9.0' ],
201 silly audit   'cli-cursor': [ '2.1.0' ],
201 silly audit   'cli-spinners': [ '2.9.2' ],
201 silly audit   cliui: [ '8.0.1' ],
201 silly audit   clone: [ '1.0.4' ],
201 silly audit   commander: [ '7.2.0', '12.1.0', '4.1.1', '2.20.3' ],
201 silly audit   compressible: [ '2.0.18' ],
201 silly audit   compression: [ '1.8.1' ],
201 silly audit   ms: [ '2.0.0', '2.1.3' ],
201 silly audit   negotiator: [ '0.6.4', '0.6.3' ],
201 silly audit   'concat-map': [ '0.0.1' ],
201 silly audit   connect: [ '3.7.0' ],
201 silly audit   'convert-source-map': [ '2.0.0' ],
201 silly audit   'core-js-compat': [ '3.48.0' ],
201 silly audit   'cross-spawn': [ '7.0.6' ],
201 silly audit   'crypto-random-string': [ '2.0.0' ],
201 silly audit   csstype: [ '3.2.3' ],
201 silly audit   'deep-extend': [ '0.6.0' ],
201 silly audit   deepmerge: [ '4.3.1' ],
201 silly audit   defaults: [ '1.0.4' ],
201 silly audit   'define-lazy-prop': [ '2.0.0' ],
201 silly audit   depd: [ '2.0.0' ],
201 silly audit   destroy: [ '1.2.0' ],
201 silly audit   'detect-libc': [ '2.1.2' ],
201 silly audit   dotenv: [ '16.4.7' ],
201 silly audit   'dotenv-expand': [ '11.0.7' ],
201 silly audit   'ee-first': [ '1.1.1' ],
201 silly audit   'electron-to-chromium': [ '1.5.283' ],
201 silly audit   'emoji-regex': [ '8.0.0' ],
201 silly audit   encodeurl: [ '1.0.2', '2.0.0' ],
201 silly audit   'env-editor': [ '0.4.2' ],
201 silly audit   'error-stack-parser': [ '2.1.4' ],
201 silly audit   escalade: [ '3.2.0' ],
201 silly audit   'escape-html': [ '1.0.3' ],
201 silly audit   esprima: [ '4.0.1' ],
201 silly audit   etag: [ '1.8.1' ],
201 silly audit   'event-target-shim': [ '5.0.1' ],
201 silly audit   'exec-async': [ '2.2.0' ],
201 silly audit   expo: [ '54.0.33' ],
201 silly audit   'expo-modules-autolinking': [ '3.0.24' ],
201 silly audit   'expo-modules-core': [ '3.0.29' ],
201 silly audit   'expo-server': [ '1.0.5' ],
201 silly audit   'expo-status-bar': [ '3.0.9' ],
201 silly audit   '@expo/cli': [ '54.0.23' ],
201 silly audit   '@expo/prebuild-config': [ '54.0.8' ],
201 silly audit   '@expo/metro-config': [ '54.0.14' ],
201 silly audit   '@expo/vector-icons': [ '15.0.3' ],
201 silly audit   'babel-preset-expo': [ '54.0.10' ],
201 silly audit   'expo-asset': [ '12.0.12' ],
201 silly audit   'expo-constants': [ '18.0.13' ],
201 silly audit   'expo-file-system': [ '19.0.21' ],
201 silly audit   'expo-font': [ '14.0.11' ],
201 silly audit   'expo-keep-awake': [ '15.0.8' ],
201 silly audit   picomatch: [ '3.0.1', '2.3.1', '4.0.3' ],
201 silly audit   'exponential-backoff': [ '3.1.3' ],
201 silly audit   'fast-json-stable-stringify': [ '2.1.0' ],
201 silly audit   'fb-watchman': [ '2.0.2' ],
201 silly audit   'fill-range': [ '7.1.1' ],
201 silly audit   finalhandler: [ '1.1.2' ],
201 silly audit   'find-up': [ '4.1.0' ],
201 silly audit   'flow-enums-runtime': [ '0.0.6' ],
201 silly audit   fontfaceobserver: [ '2.3.0' ],
201 silly audit   'freeport-async': [ '2.0.0' ],
201 silly audit   fresh: [ '0.5.2' ],
201 silly audit   'fs.realpath': [ '1.0.0' ],
201 silly audit   fsevents: [ '2.3.3' ],
201 silly audit   'function-bind': [ '1.1.2' ],
201 silly audit   gensync: [ '1.0.0-beta.2' ],
201 silly audit   'get-caller-file': [ '2.0.5' ],
201 silly audit   'get-package-type': [ '0.1.0' ],
201 silly audit   getenv: [ '2.0.0' ],
201 silly audit   'global-dirs': [ '0.1.1' ],
201 silly audit   'graceful-fs': [ '4.2.11' ],
201 silly audit   hasown: [ '2.0.2' ],
201 silly audit   'hosted-git-info': [ '7.0.2' ],
201 silly audit   'lru-cache': [ '10.4.3', '5.1.1', '11.2.5' ],
201 silly audit   'http-errors': [ '2.0.1' ],
201 silly audit   statuses: [ '2.0.2', '1.5.0' ],
201 silly audit   'https-proxy-agent': [ '7.0.6' ],
201 silly audit   ieee754: [ '1.2.1' ],
201 silly audit   ignore: [ '5.3.2' ],
201 silly audit   'image-size': [ '1.2.1' ],
201 silly audit   imurmurhash: [ '0.1.4' ],
201 silly audit   inflight: [ '1.0.6' ],
201 silly audit   inherits: [ '2.0.4' ],
201 silly audit   ini: [ '1.3.8' ],
201 silly audit   invariant: [ '2.2.4' ],
201 silly audit   'is-core-module': [ '2.16.1' ],
201 silly audit   'is-docker': [ '2.2.1' ],
201 silly audit   'is-fullwidth-code-point': [ '3.0.0' ],
201 silly audit   'is-number': [ '7.0.0' ],
201 silly audit   'is-wsl': [ '2.2.0' ],
201 silly audit   isexe: [ '2.0.0' ],
201 silly audit   'istanbul-lib-coverage': [ '3.2.2' ],
201 silly audit   'istanbul-lib-instrument': [ '5.2.1' ],
201 silly audit   'jest-environment-node': [ '29.7.0' ],
201 silly audit   'jest-get-type': [ '29.6.3' ],
201 silly audit   'jest-haste-map': [ '29.7.0' ],
201 silly audit   'jest-message-util': [ '29.7.0' ],
201 silly audit   'jest-mock': [ '29.7.0' ],
201 silly audit   'jest-regex-util': [ '29.6.3' ],
201 silly audit   'jest-util': [ '29.7.0' ],
201 silly audit   'jest-validate': [ '29.7.0' ],
201 silly audit   'jest-worker': [ '29.7.0' ],
201 silly audit   'jimp-compact': [ '0.16.1' ],
201 silly audit   'js-tokens': [ '4.0.0' ],
201 silly audit   'jsc-safe-url': [ '0.2.4' ],
201 silly audit   jsesc: [ '3.1.0' ],
201 silly audit   json5: [ '2.2.3' ],
201 silly audit   kleur: [ '3.0.3' ],
201 silly audit   'lan-network': [ '0.1.7' ],
201 silly audit   leven: [ '3.1.0' ],
201 silly audit   'lighthouse-logger': [ '1.4.2' ],
201 silly audit   lightningcss: [ '1.31.1' ],
201 silly audit   'lightningcss-android-arm64': [ '1.31.1' ],
201 silly audit   'lightningcss-darwin-arm64': [ '1.31.1' ],
201 silly audit   'lightningcss-darwin-x64': [ '1.31.1' ],
201 silly audit   'lightningcss-freebsd-x64': [ '1.31.1' ],
201 silly audit   'lightningcss-linux-arm-gnueabihf': [ '1.31.1' ],
201 silly audit   'lightningcss-linux-arm64-gnu': [ '1.31.1' ],
201 silly audit   'lightningcss-linux-arm64-musl': [ '1.31.1' ],
201 silly audit   'lightningcss-linux-x64-gnu': [ '1.31.1' ],
201 silly audit   'lightningcss-linux-x64-musl': [ '1.31.1' ],
201 silly audit   'lightningcss-win32-arm64-msvc': [ '1.31.1' ],
201 silly audit   'lightningcss-win32-x64-msvc': [ '1.31.1' ],
201 silly audit   'lines-and-columns': [ '1.2.4' ],
201 silly audit   'locate-path': [ '5.0.0' ],
201 silly audit   'lodash.debounce': [ '4.0.8' ],
201 silly audit   'lodash.throttle': [ '4.1.1' ],
201 silly audit   'log-symbols': [ '2.2.0' ],
201 silly audit   'loose-envify': [ '1.4.0' ],
201 silly audit   makeerror: [ '1.0.12' ],
201 silly audit   marky: [ '1.3.0' ],
201 silly audit   'memoize-one': [ '5.2.1' ],
201 silly audit   'merge-stream': [ '2.0.0' ],
201 silly audit   metro: [ '0.83.3' ],
201 silly audit   'metro-babel-transformer': [ '0.83.3' ],
201 silly audit   'metro-cache': [ '0.83.3' ],
201 silly audit   'metro-cache-key': [ '0.83.3' ],
201 silly audit   'metro-config': [ '0.83.3' ],
201 silly audit   'metro-core': [ '0.83.3' ],
201 silly audit   'metro-file-map': [ '0.83.3' ],
201 silly audit   'metro-minify-terser': [ '0.83.3' ],
201 silly audit   'metro-resolver': [ '0.83.3' ],
201 silly audit   'metro-runtime': [ '0.83.3' ],
201 silly audit   'metro-source-map': [ '0.83.3' ],
201 silly audit   'metro-symbolicate': [ '0.83.3' ],
201 silly audit   'metro-transform-plugins': [ '0.83.3' ],
201 silly audit   'metro-transform-worker': [ '0.83.3' ],
201 silly audit   micromatch: [ '4.0.8' ],
201 silly audit   mime: [ '1.6.0' ],
201 silly audit   'mime-db': [ '1.52.0' ],
201 silly audit   'mime-types': [ '2.1.35' ],
201 silly audit   'mimic-fn': [ '1.2.0' ],
201 silly audit   minimist: [ '1.2.8' ],
201 silly audit   minipass: [ '7.1.2' ],
201 silly audit   minizlib: [ '3.1.0' ],
201 silly audit   mkdirp: [ '1.0.4' ],
201 silly audit   mz: [ '2.7.0' ],
201 silly audit   nanoid: [ '3.3.11' ],
201 silly audit   'nested-error-stacks': [ '2.0.1' ],
201 silly audit   'node-forge': [ '1.3.3' ],
201 silly audit   'node-int64': [ '0.4.0' ],
201 silly audit   'node-releases': [ '2.0.27' ],
201 silly audit   'normalize-path': [ '3.0.0' ],
201 silly audit   'npm-package-arg': [ '11.0.3' ],
201 silly audit   nullthrows: [ '1.1.1' ],
201 silly audit   ob1: [ '0.83.3' ],
201 silly audit   'object-assign': [ '4.1.1' ],
201 silly audit   'on-finished': [ '2.3.0', '2.4.1' ],
201 silly audit   'on-headers': [ '1.1.0' ],
201 silly audit   once: [ '1.4.0' ],
201 silly audit   onetime: [ '2.0.1' ],
201 silly audit   ora: [ '3.4.0' ],
201 silly audit   'strip-ansi': [ '5.2.0', '6.0.1' ],
201 silly audit   'p-limit': [ '3.1.0', '2.3.0' ],
201 silly audit   'p-locate': [ '4.1.0' ],
201 silly audit   'p-try': [ '2.2.0' ],
201 silly audit   'parse-png': [ '2.1.0' ],
201 silly audit   parseurl: [ '1.3.3' ],
201 silly audit   'path-exists': [ '4.0.0' ],
201 silly audit   'path-is-absolute': [ '1.0.1' ],
201 silly audit   'path-key': [ '3.1.1' ],
201 silly audit   'path-parse': [ '1.0.7' ],
201 silly audit   'path-scurry': [ '2.0.1' ],
201 silly audit   picocolors: [ '1.1.1' ],
201 silly audit   pirates: [ '4.0.7' ],
201 silly audit   plist: [ '3.1.0' ],
201 silly audit   pngjs: [ '3.4.0' ],
201 silly audit   postcss: [ '8.4.49' ],
201 silly audit   'pretty-bytes': [ '5.6.0' ],
201 silly audit   'pretty-format': [ '29.7.0' ],
201 silly audit   'proc-log': [ '4.2.0' ],
201 silly audit   progress: [ '2.0.3' ],
201 silly audit   promise: [ '8.3.0' ],
201 silly audit   prompts: [ '2.4.2' ],
201 silly audit   punycode: [ '2.3.1' ],
201 silly audit   'qrcode-terminal': [ '0.11.0' ],
201 silly audit   queue: [ '6.0.2' ],
201 silly audit   'range-parser': [ '1.2.1' ],
201 silly audit   rc: [ '1.2.8' ],
201 silly audit   react: [ '19.1.0' ],
201 silly audit   'react-devtools-core': [ '6.1.5' ],
201 silly audit   'react-is': [ '18.3.1', '19.2.4' ],
201 silly audit   'react-native': [ '0.81.5' ],
201 silly audit   'react-native-is-edge-to-edge': [ '1.2.1' ],
201 silly audit   '@react-native/virtualized-lists': [ '0.81.5' ],
201 silly audit   'react-refresh': [ '0.14.2' ],
201 silly audit   regenerate: [ '1.4.2' ],
201 silly audit   'regenerate-unicode-properties': [ '10.2.2' ],
201 silly audit   'regenerator-runtime': [ '0.13.11' ],
201 silly audit   'regexpu-core': [ '6.4.0' ],
201 silly audit   regjsgen: [ '0.8.0' ],
201 silly audit   regjsparser: [ '0.13.0' ],
201 silly audit   'require-directory': [ '2.1.1' ],
201 silly audit   'require-from-string': [ '2.0.2' ],
201 silly audit   requireg: [ '0.2.2' ],
201 silly audit   resolve: [ '1.7.1', '1.22.11' ],
201 silly audit   'resolve-from': [ '5.0.0' ],
201 silly audit   'resolve-global': [ '1.0.0' ],
201 silly audit   'resolve-workspace-root': [ '2.0.1' ],
201 silly audit   'resolve.exports': [ '2.0.3' ],
201 silly audit   'restore-cursor': [ '2.0.0' ],
201 silly audit   rimraf: [ '3.0.2' ],
201 silly audit   'safe-buffer': [ '5.2.1' ],
201 silly audit   sax: [ '1.4.4' ],
201 silly audit   scheduler: [ '0.26.0' ],
201 silly audit   send: [ '0.19.2' ],
201 silly audit   'serialize-error': [ '2.1.0' ],
201 silly audit   'serve-static': [ '1.16.3' ],
201 silly audit   setprototypeof: [ '1.2.0' ],
201 silly audit   'shebang-command': [ '2.0.0' ],
201 silly audit   'shebang-regex': [ '3.0.0' ],
201 silly audit   'shell-quote': [ '1.8.3' ],
201 silly audit   'signal-exit': [ '3.0.7' ],
201 silly audit   'simple-plist': [ '1.3.1' ],
201 silly audit   sisteransi: [ '1.0.5' ],
201 silly audit   slash: [ '3.0.0' ],
201 silly audit   slugify: [ '1.6.6' ],
201 silly audit   'source-map': [ '0.5.7', '0.6.1' ],
201 silly audit   'source-map-js': [ '1.2.1' ],
201 silly audit   'source-map-support': [ '0.5.21' ],
201 silly audit   'sprintf-js': [ '1.0.3' ],
201 silly audit   'stack-utils': [ '2.0.6' ],
201 silly audit   stackframe: [ '1.3.4' ],
201 silly audit   'stacktrace-parser': [ '0.1.11' ],
201 silly audit   'stream-buffers': [ '2.2.0' ],
201 silly audit   'string-width': [ '4.2.3' ],
201 silly audit   'strip-json-comments': [ '2.0.1' ],
201 silly audit   'structured-headers': [ '0.4.1' ],
201 silly audit   sucrase: [ '3.35.1' ],
201 silly audit   'supports-hyperlinks': [ '2.3.0' ],
201 silly audit   'supports-preserve-symlinks-flag': [ '1.0.0' ],
201 silly audit   tar: [ '7.5.7' ],
201 silly audit   yallist: [ '5.0.0', '3.1.1' ],
201 silly audit   'temp-dir': [ '2.0.0' ],
201 silly audit   'terminal-link': [ '2.1.1' ],
201 silly audit   terser: [ '5.46.0' ],
201 silly audit   'test-exclude': [ '6.0.0' ],
201 silly audit   thenify: [ '3.3.1' ],
201 silly audit   'thenify-all': [ '1.6.0' ],
201 silly audit   throat: [ '5.0.0' ],
201 silly audit   tinyglobby: [ '0.2.15' ],
201 silly audit   fdir: [ '6.5.0' ],
201 silly audit   tmpl: [ '1.0.5' ],
201 silly audit   'to-regex-range': [ '5.0.1' ],
201 silly audit   toidentifier: [ '1.0.1' ],
201 silly audit   'ts-interface-checker': [ '0.1.13' ],
201 silly audit   'type-detect': [ '4.0.8' ],
201 silly audit   typescript: [ '5.9.3' ],
201 silly audit   undici: [ '6.23.0' ],
201 silly audit   'undici-types': [ '7.16.0' ],
201 silly audit   'unicode-canonical-property-names-ecmascript': [ '2.0.1' ],
201 silly audit   'unicode-match-property-ecmascript': [ '2.0.0' ],
201 silly audit   'unicode-match-property-value-ecmascript': [ '2.2.1' ],
201 silly audit   'unicode-property-aliases-ecmascript': [ '2.2.0' ],
201 silly audit   'unique-string': [ '2.0.0' ],
201 silly audit   unpipe: [ '1.0.0' ],
201 silly audit   'update-browserslist-db': [ '1.2.3' ],
201 silly audit   'utils-merge': [ '1.0.1' ],
201 silly audit   uuid: [ '7.0.3' ],
201 silly audit   'validate-npm-package-name': [ '5.0.1' ],
201 silly audit   vary: [ '1.1.2' ],
201 silly audit   vlq: [ '1.0.1' ],
201 silly audit   walker: [ '1.0.8' ],
201 silly audit   wcwidth: [ '1.0.1' ],
201 silly audit   'webidl-conversions': [ '5.0.0' ],
201 silly audit   'whatwg-fetch': [ '3.6.20' ],
201 silly audit   'whatwg-url-without-unicode': [ '8.0.0-3' ],
201 silly audit   which: [ '2.0.2' ],
201 silly audit   wonka: [ '6.3.5' ],
201 silly audit   'wrap-ansi': [ '7.0.0' ],
201 silly audit   wrappy: [ '1.0.2' ],
201 silly audit   'write-file-atomic': [ '4.0.2' ],
201 silly audit   xcode: [ '3.0.1' ],
201 silly audit   xml2js: [ '0.6.0' ],
201 silly audit   xmlbuilder: [ '11.0.1', '15.1.1' ],
201 silly audit   y18n: [ '5.0.8' ],
201 silly audit   yaml: [ '2.8.2' ],
201 silly audit   yargs: [ '17.7.2' ],
201 silly audit   'yargs-parser': [ '21.1.1' ],
201 silly audit   'yocto-queue': [ '0.1.0' ],
201 silly audit   '@react-navigation/native': [ '7.1.28' ],
201 silly audit   '@react-navigation/native-stack': [ '7.11.0' ],
201 silly audit   'react-native-safe-area-context': [ '5.6.2' ],
201 silly audit   'react-native-screens': [ '4.20.0' ],
201 silly audit   '@react-navigation/core': [ '7.14.0' ],
201 silly audit   'fast-deep-equal': [ '3.1.3' ],
201 silly audit   'use-latest-callback': [ '0.2.6' ],
201 silly audit   '@react-navigation/routers': [ '7.5.3' ],
201 silly audit   'query-string': [ '7.1.3' ],
201 silly audit   'use-sync-external-store': [ '1.6.0' ],
201 silly audit   '@react-navigation/elements': [ '2.9.5' ],
201 silly audit   color: [ '4.2.3' ],
201 silly audit   'sf-symbols-typescript': [ '2.2.0' ],
201 silly audit   'warn-once': [ '0.1.1' ],
201 silly audit   'color-string': [ '1.9.1' ],
201 silly audit   'simple-swizzle': [ '0.2.4' ],
201 silly audit   'decode-uri-component': [ '0.2.2' ],
201 silly audit   'filter-obj': [ '1.1.0' ],
201 silly audit   'split-on-first': [ '1.1.0' ],
201 silly audit   'strict-uri-encode': [ '2.0.0' ],
201 silly audit   'react-freeze': [ '1.0.4' ],
201 silly audit   'is-arrayish': [ '0.3.4' ]
201 silly audit }
202 http cache is-arrayish@https://registry.npmjs.org/is-arrayish/-/is-arrayish-0.3.4.tgz 0ms (cache hit)
203 http cache react-freeze@https://registry.npmjs.org/react-freeze/-/react-freeze-1.0.4.tgz 0ms (cache hit)
204 http cache filter-obj@https://registry.npmjs.org/filter-obj/-/filter-obj-1.1.0.tgz 0ms (cache hit)
205 http cache strict-uri-encode@https://registry.npmjs.org/strict-uri-encode/-/strict-uri-encode-2.0.0.tgz 0ms (cache hit)
206 http cache split-on-first@https://registry.npmjs.org/split-on-first/-/split-on-first-1.1.0.tgz 0ms (cache hit)
207 http cache color-string@https://registry.npmjs.org/color-string/-/color-string-1.9.1.tgz 0ms (cache hit)
208 http cache simple-swizzle@https://registry.npmjs.org/simple-swizzle/-/simple-swizzle-0.2.4.tgz 0ms (cache hit)
209 http cache decode-uri-component@https://registry.npmjs.org/decode-uri-component/-/decode-uri-component-0.2.2.tgz 0ms (cache hit)
210 http cache warn-once@https://registry.npmjs.org/warn-once/-/warn-once-0.1.1.tgz 0ms (cache hit)
211 http cache color@https://registry.npmjs.org/color/-/color-4.2.3.tgz 0ms (cache hit)
212 http cache sf-symbols-typescript@https://registry.npmjs.org/sf-symbols-typescript/-/sf-symbols-typescript-2.2.0.tgz 0ms (cache hit)
213 http cache use-sync-external-store@https://registry.npmjs.org/use-sync-external-store/-/use-sync-external-store-1.6.0.tgz 0ms (cache hit)
214 http cache query-string@https://registry.npmjs.org/query-string/-/query-string-7.1.3.tgz 0ms (cache hit)
215 http cache @react-navigation/routers@https://registry.npmjs.org/@react-navigation/routers/-/routers-7.5.3.tgz 0ms (cache hit)
216 http cache @react-navigation/elements@https://registry.npmjs.org/@react-navigation/elements/-/elements-2.9.5.tgz 0ms (cache hit)
217 http cache use-latest-callback@https://registry.npmjs.org/use-latest-callback/-/use-latest-callback-0.2.6.tgz 0ms (cache hit)
218 http cache fast-deep-equal@https://registry.npmjs.org/fast-deep-equal/-/fast-deep-equal-3.1.3.tgz 0ms (cache hit)
219 http cache @react-navigation/core@https://registry.npmjs.org/@react-navigation/core/-/core-7.14.0.tgz 0ms (cache hit)
220 http cache react-native-screens@https://registry.npmjs.org/react-native-screens/-/react-native-screens-4.20.0.tgz 0ms (cache hit)
221 http cache react-native-safe-area-context@https://registry.npmjs.org/react-native-safe-area-context/-/react-native-safe-area-context-5.6.2.tgz 0ms (cache hit)
222 http cache @react-navigation/native-stack@https://registry.npmjs.org/@react-navigation/native-stack/-/native-stack-7.11.0.tgz 0ms (cache hit)
223 http cache fsevents@https://registry.npmjs.org/fsevents/-/fsevents-2.3.3.tgz 0ms (cache hit)
224 http cache @react-navigation/native@https://registry.npmjs.org/@react-navigation/native/-/native-7.1.28.tgz 0ms (cache hit)
225 http cache color-convert@https://registry.npmjs.org/color-convert/-/color-convert-2.0.1.tgz 0ms (cache hit)
226 http cache color-name@https://registry.npmjs.org/color-name/-/color-name-1.1.4.tgz 0ms (cache hit)
227 http cache react-is@https://registry.npmjs.org/react-is/-/react-is-19.2.4.tgz 0ms (cache hit)
228 http cache escape-string-regexp@https://registry.npmjs.org/escape-string-regexp/-/escape-string-regexp-4.0.0.tgz 0ms (cache hit)
229 http cache escape-string-regexp@https://registry.npmjs.org/escape-string-regexp/-/escape-string-regexp-4.0.0.tgz 0ms (cache hit)
230 silly tarball no local data for is-arrayish@https://registry.npmjs.org/is-arrayish/-/is-arrayish-0.3.4.tgz. Extracting by manifest.
231 silly tarball no local data for react-freeze@https://registry.npmjs.org/react-freeze/-/react-freeze-1.0.4.tgz. Extracting by manifest.
232 silly tarball no local data for filter-obj@https://registry.npmjs.org/filter-obj/-/filter-obj-1.1.0.tgz. Extracting by manifest.
233 silly tarball no local data for strict-uri-encode@https://registry.npmjs.org/strict-uri-encode/-/strict-uri-encode-2.0.0.tgz. Extracting by manifest.
234 silly tarball no local data for split-on-first@https://registry.npmjs.org/split-on-first/-/split-on-first-1.1.0.tgz. Extracting by manifest.
235 silly tarball no local data for color-string@https://registry.npmjs.org/color-string/-/color-string-1.9.1.tgz. Extracting by manifest.
236 silly tarball no local data for simple-swizzle@https://registry.npmjs.org/simple-swizzle/-/simple-swizzle-0.2.4.tgz. Extracting by manifest.
237 silly tarball no local data for decode-uri-component@https://registry.npmjs.org/decode-uri-component/-/decode-uri-component-0.2.2.tgz. Extracting by manifest.
238 silly tarball no local data for warn-once@https://registry.npmjs.org/warn-once/-/warn-once-0.1.1.tgz. Extracting by manifest.
239 silly tarball no local data for color@https://registry.npmjs.org/color/-/color-4.2.3.tgz. Extracting by manifest.
240 silly tarball no local data for sf-symbols-typescript@https://registry.npmjs.org/sf-symbols-typescript/-/sf-symbols-typescript-2.2.0.tgz. Extracting by manifest.
241 silly tarball no local data for use-sync-external-store@https://registry.npmjs.org/use-sync-external-store/-/use-sync-external-store-1.6.0.tgz. Extracting by manifest.
242 silly tarball no local data for query-string@https://registry.npmjs.org/query-string/-/query-string-7.1.3.tgz. Extracting by manifest.
243 silly tarball no local data for @react-navigation/routers@https://registry.npmjs.org/@react-navigation/routers/-/routers-7.5.3.tgz. Extracting by manifest.
244 silly tarball no local data for @react-navigation/elements@https://registry.npmjs.org/@react-navigation/elements/-/elements-2.9.5.tgz. Extracting by manifest.
245 silly tarball no local data for use-latest-callback@https://registry.npmjs.org/use-latest-callback/-/use-latest-callback-0.2.6.tgz. Extracting by manifest.
246 silly tarball no local data for fast-deep-equal@https://registry.npmjs.org/fast-deep-equal/-/fast-deep-equal-3.1.3.tgz. Extracting by manifest.
247 silly tarball no local data for @react-navigation/core@https://registry.npmjs.org/@react-navigation/core/-/core-7.14.0.tgz. Extracting by manifest.
248 silly tarball no local data for react-native-screens@https://registry.npmjs.org/react-native-screens/-/react-native-screens-4.20.0.tgz. Extracting by manifest.
249 silly tarball no local data for react-native-safe-area-context@https://registry.npmjs.org/react-native-safe-area-context/-/react-native-safe-area-context-5.6.2.tgz. Extracting by manifest.
250 silly tarball no local data for @react-navigation/native-stack@https://registry.npmjs.org/@react-navigation/native-stack/-/native-stack-7.11.0.tgz. Extracting by manifest.
251 silly tarball no local data for fsevents@https://registry.npmjs.org/fsevents/-/fsevents-2.3.3.tgz. Extracting by manifest.
252 silly tarball no local data for @react-navigation/native@https://registry.npmjs.org/@react-navigation/native/-/native-7.1.28.tgz. Extracting by manifest.
253 silly tarball no local data for color-convert@https://registry.npmjs.org/color-convert/-/color-convert-2.0.1.tgz. Extracting by manifest.
254 silly tarball no local data for color-name@https://registry.npmjs.org/color-name/-/color-name-1.1.4.tgz. Extracting by manifest.
255 silly tarball no local data for react-is@https://registry.npmjs.org/react-is/-/react-is-19.2.4.tgz. Extracting by manifest.
256 silly tarball no local data for escape-string-regexp@https://registry.npmjs.org/escape-string-regexp/-/escape-string-regexp-4.0.0.tgz. Extracting by manifest.
257 silly tarball no local data for escape-string-regexp@https://registry.npmjs.org/escape-string-regexp/-/escape-string-regexp-4.0.0.tgz. Extracting by manifest.
258 http fetch GET 200 https://registry.npmjs.org/split-on-first/-/split-on-first-1.1.0.tgz 117ms (cache miss)
259 http fetch GET 200 https://registry.npmjs.org/is-arrayish/-/is-arrayish-0.3.4.tgz 119ms (cache miss)
260 http fetch GET 200 https://registry.npmjs.org/color-string/-/color-string-1.9.1.tgz 118ms (cache miss)
261 http fetch GET 200 https://registry.npmjs.org/strict-uri-encode/-/strict-uri-encode-2.0.0.tgz 118ms (cache miss)
262 http fetch GET 200 https://registry.npmjs.org/decode-uri-component/-/decode-uri-component-0.2.2.tgz 118ms (cache miss)
263 http fetch GET 200 https://registry.npmjs.org/warn-once/-/warn-once-0.1.1.tgz 118ms (cache miss)
264 http fetch GET 200 https://registry.npmjs.org/filter-obj/-/filter-obj-1.1.0.tgz 123ms (cache miss)
265 http fetch GET 200 https://registry.npmjs.org/simple-swizzle/-/simple-swizzle-0.2.4.tgz 122ms (cache miss)
266 http fetch GET 200 https://registry.npmjs.org/color/-/color-4.2.3.tgz 123ms (cache miss)
267 http fetch GET 200 https://registry.npmjs.org/use-latest-callback/-/use-latest-callback-0.2.6.tgz 122ms (cache miss)
268 http fetch GET 200 https://registry.npmjs.org/fast-deep-equal/-/fast-deep-equal-3.1.3.tgz 124ms (cache miss)
269 http fetch GET 200 https://registry.npmjs.org/color-convert/-/color-convert-2.0.1.tgz 124ms (cache miss)
270 http fetch GET 200 https://registry.npmjs.org/fsevents/-/fsevents-2.3.3.tgz 125ms (cache miss)
271 http fetch GET 200 https://registry.npmjs.org/color-name/-/color-name-1.1.4.tgz 128ms (cache miss)
272 http fetch GET 200 https://registry.npmjs.org/react-freeze/-/react-freeze-1.0.4.tgz 140ms (cache miss)
273 http fetch GET 200 https://registry.npmjs.org/react-is/-/react-is-19.2.4.tgz 131ms (cache miss)
274 http fetch GET 200 https://registry.npmjs.org/query-string/-/query-string-7.1.3.tgz 139ms (cache miss)
275 http fetch GET 200 https://registry.npmjs.org/escape-string-regexp/-/escape-string-regexp-4.0.0.tgz 133ms (cache miss)
276 http fetch GET 200 https://registry.npmjs.org/escape-string-regexp/-/escape-string-regexp-4.0.0.tgz 134ms (cache miss)
277 http fetch GET 200 https://registry.npmjs.org/use-sync-external-store/-/use-sync-external-store-1.6.0.tgz 146ms (cache miss)
278 http fetch GET 200 https://registry.npmjs.org/sf-symbols-typescript/-/sf-symbols-typescript-2.2.0.tgz 148ms (cache miss)
279 http fetch GET 200 https://registry.npmjs.org/react-native-safe-area-context/-/react-native-safe-area-context-5.6.2.tgz 298ms (cache miss)
280 http fetch GET 200 https://registry.npmjs.org/@react-navigation/routers/-/routers-7.5.3.tgz 435ms (cache miss)
281 http fetch POST 200 https://registry.npmjs.org/-/npm/v1/security/advisories/bulk 523ms
282 silly audit report {}
283 http fetch GET 200 https://registry.npmjs.org/@react-navigation/native/-/native-7.1.28.tgz 531ms (cache miss)
284 http fetch GET 200 https://registry.npmjs.org/@react-navigation/elements/-/elements-2.9.5.tgz 623ms (cache miss)
285 http fetch GET 200 https://registry.npmjs.org/@react-navigation/core/-/core-7.14.0.tgz 718ms (cache miss)
286 http fetch GET 200 https://registry.npmjs.org/@react-navigation/native-stack/-/native-stack-7.11.0.tgz 905ms (cache miss)
287 http fetch GET 200 https://registry.npmjs.org/react-native-screens/-/react-native-screens-4.20.0.tgz 1476ms (cache miss)
288 silly ADD node_modules/is-arrayish
289 silly ADD node_modules/react-freeze
290 silly ADD node_modules/strict-uri-encode
291 silly ADD node_modules/split-on-first
292 silly ADD node_modules/filter-obj
293 silly ADD node_modules/decode-uri-component
294 silly ADD node_modules/simple-swizzle
295 silly ADD node_modules/color-string
296 silly ADD node_modules/warn-once
297 silly ADD node_modules/sf-symbols-typescript
298 silly ADD node_modules/color
299 silly ADD node_modules/color/node_modules/color-name
300 silly ADD node_modules/color/node_modules/color-convert
301 silly ADD node_modules/@react-navigation/elements
302 silly ADD node_modules/use-sync-external-store
303 silly ADD node_modules/query-string
304 silly ADD node_modules/@react-navigation/routers
305 silly ADD node_modules/use-latest-callback
306 silly ADD node_modules/fast-deep-equal
307 silly ADD node_modules/@react-navigation/core
308 silly ADD node_modules/@react-navigation/core/node_modules/react-is
309 silly ADD node_modules/@react-navigation/core/node_modules/escape-string-regexp
310 silly ADD node_modules/react-native-screens
311 silly ADD node_modules/react-native-safe-area-context
312 silly ADD node_modules/@react-navigation/native-stack
313 silly ADD node_modules/@react-navigation/native
314 silly ADD node_modules/@react-navigation/native/node_modules/escape-string-regexp
315 silly ADD node_modules/fsevents
316 verbose cwd /Users/minhazuddinchowdhury/Documents/Dev/tigoo-mvp-v1
317 verbose os Darwin 25.2.0
318 verbose node v24.13.0
319 verbose npm  v11.8.0
320 verbose exit 0
321 info ok
