0 verbose cli /usr/local/bin/node /usr/local/bin/npm
1 info using npm@11.8.0
2 info using node@v24.13.0
3 silly config load:file:/usr/local/lib/node_modules/npm/npmrc
4 silly config load:file:/Users/minhazuddinchowdhury/Documents/Dev/tigoo-mvp-v1/.npmrc
5 silly config load:file:/Users/minhazuddinchowdhury/.npmrc
6 silly config load:file:/usr/local/etc/npmrc
7 verbose title npm install @react-navigation/stack@^6.3.29 react-native-gesture-handler react-native-screens@~4.16.0 react-native-safe-area-context@~5.6.0
8 verbose argv "install" "@react-navigation/stack@^6.3.29" "react-native-gesture-handler" "react-native-screens@~4.16.0" "react-native-safe-area-context@~5.6.0"
9 verbose logfile logs-max:10 dir:/Users/minhazuddinchowdhury/Documents/Dev/tigoo-mvp-v1/.npm-cache/_logs/2026-02-01T13_32_58_939Z-
10 verbose logfile /Users/minhazuddinchowdhury/Documents/Dev/tigoo-mvp-v1/.npm-cache/_logs/2026-02-01T13_32_58_939Z-debug-0.log
11 silly logfile done cleaning log files
12 silly packumentCache heap:4496293888 maxSize:1124073472 maxEntrySize:562036736
13 silly idealTree buildDeps
14 silly fetch manifest react-native-safe-area-context@~5.6.0
15 silly packumentCache full:https://registry.npmjs.org/react-native-safe-area-context cache-miss
16 http cache https://registry.npmjs.org/react-native-safe-area-context 126ms (cache hit)
17 silly packumentCache full:https://registry.npmjs.org/react-native-safe-area-context set size:657519 disposed:false
18 silly fetch manifest react@19.1.0
19 silly packumentCache full:https://registry.npmjs.org/react cache-miss
20 http cache https://registry.npmjs.org/react 16ms (cache hit)
21 silly packumentCache full:https://registry.npmjs.org/react set size:6438906 disposed:false
22 silly fetch manifest react-native@0.81.5
23 silly packumentCache full:https://registry.npmjs.org/react-native cache-miss
24 http cache https://registry.npmjs.org/react-native 36ms (cache hit)
25 silly packumentCache full:https://registry.npmjs.org/react-native set size:14756030 disposed:false
26 silly fetch manifest @types/react@~19.1.0
27 silly packumentCache full:https://registry.npmjs.org/@types%2freact cache-miss
28 http cache https://registry.npmjs.org/@types%2freact 11ms (cache hit)
29 silly packumentCache full:https://registry.npmjs.org/@types%2freact set size:2555610 disposed:false
30 silly fetch manifest react-native-screens@~4.16.0
31 silly packumentCache full:https://registry.npmjs.org/react-native-screens cache-miss
32 http cache https://registry.npmjs.org/react-native-screens 9ms (cache hit)
33 silly packumentCache full:https://registry.npmjs.org/react-native-screens set size:3233601 disposed:false
34 silly fetch manifest @react-navigation/stack@^6.3.29
35 silly packumentCache full:https://registry.npmjs.org/@react-navigation%2fstack cache-miss
36 http cache https://registry.npmjs.org/@react-navigation%2fstack 7ms (cache hit)
37 silly packumentCache full:https://registry.npmjs.org/@react-navigation%2fstack set size:1269660 disposed:false
38 silly fetch manifest @react-navigation/native@^6.1.18
39 silly packumentCache full:https://registry.npmjs.org/@react-navigation%2fnative cache-miss
40 http cache https://registry.npmjs.org/@react-navigation%2fnative 6ms (cache hit)
41 silly packumentCache full:https://registry.npmjs.org/@react-navigation%2fnative set size:1003473 disposed:false
42 silly fetch manifest react-native-gesture-handler@*
43 silly packumentCache full:https://registry.npmjs.org/react-native-gesture-handler cache-miss
44 http fetch GET 200 https://registry.npmjs.org/react-native-gesture-handler 400ms (cache miss)
45 silly packumentCache full:https://registry.npmjs.org/react-native-gesture-handler set size:undefined disposed:false
46 silly placeDep ROOT @react-navigation/stack@6.4.1 OK for: tigoo-mvp-v1@1.0.0 want: ^6.3.29
47 silly placeDep ROOT react-native-gesture-handler@2.30.0 OK for: @react-navigation/stack@6.4.1 want: >= 1.0.0
48 silly placeDep ROOT react-native-gesture-handler@2.30.0 REPLACE for: tigoo-mvp-v1@1.0.0 want: *
49 silly placeDep ROOT react-native-safe-area-context@5.6.2 REPLACE for: tigoo-mvp-v1@1.0.0 want: ~5.6.0
50 silly placeDep ROOT react-native-screens@4.16.0 REPLACE for: tigoo-mvp-v1@1.0.0 want: ~4.16.0
51 silly fetch manifest color@^4.2.3
52 silly packumentCache full:https://registry.npmjs.org/color cache-miss
53 silly fetch manifest @react-navigation/elements@^1.3.31
54 silly packumentCache full:https://registry.npmjs.org/@react-navigation%2felements cache-miss
55 silly fetch manifest @egjs/hammerjs@^2.0.17
56 silly packumentCache full:https://registry.npmjs.org/@egjs%2fhammerjs cache-miss
57 silly fetch manifest hoist-non-react-statics@^3.3.0
58 silly packumentCache full:https://registry.npmjs.org/hoist-non-react-statics cache-miss
59 silly fetch manifest @egjs/hammerjs@^2.0.17
60 silly packumentCache full:https://registry.npmjs.org/@egjs%2fhammerjs cache-miss
61 silly fetch manifest hoist-non-react-statics@^3.3.0
62 silly packumentCache full:https://registry.npmjs.org/hoist-non-react-statics cache-miss
63 http fetch GET 200 https://registry.npmjs.org/hoist-non-react-statics 298ms (cache miss)
64 silly packumentCache full:https://registry.npmjs.org/hoist-non-react-statics set size:undefined disposed:false
65 http fetch GET 200 https://registry.npmjs.org/hoist-non-react-statics 304ms (cache miss)
66 silly packumentCache full:https://registry.npmjs.org/hoist-non-react-statics set size:undefined disposed:false
67 http fetch GET 200 https://registry.npmjs.org/@egjs%2fhammerjs 748ms (cache miss)
68 silly packumentCache full:https://registry.npmjs.org/@egjs%2fhammerjs set size:undefined disposed:false
69 http fetch GET 200 https://registry.npmjs.org/color 799ms (cache revalidated)
70 silly packumentCache full:https://registry.npmjs.org/color set size:98234 disposed:false
71 http fetch GET 200 https://registry.npmjs.org/@react-navigation%2felements 805ms (cache revalidated)
72 silly packumentCache full:https://registry.npmjs.org/@react-navigation%2felements set size:537277 disposed:false
73 http fetch GET 200 https://registry.npmjs.org/@egjs%2fhammerjs 817ms (cache miss)
74 silly packumentCache full:https://registry.npmjs.org/@egjs%2fhammerjs set size:undefined disposed:false
75 silly fetch manifest @react-navigation/native@^6.0.0
76 silly packumentCache full:https://registry.npmjs.org/@react-navigation%2fnative cache-miss
77 http cache https://registry.npmjs.org/@react-navigation%2fnative 5ms (cache hit)
78 silly packumentCache full:https://registry.npmjs.org/@react-navigation%2fnative set size:1003473 disposed:false
79 silly fetch manifest react@*
80 silly packumentCache full:https://registry.npmjs.org/react cache-miss
81 http cache https://registry.npmjs.org/react 14ms (cache hit)
82 silly packumentCache full:https://registry.npmjs.org/react set size:6438906 disposed:false
83 silly fetch manifest react-native@*
84 silly packumentCache full:https://registry.npmjs.org/react-native cache-miss
85 http cache https://registry.npmjs.org/react-native 32ms (cache hit)
86 silly packumentCache full:https://registry.npmjs.org/react-native set size:14756030 disposed:false
87 silly fetch manifest @types/react@^19.1.1
88 silly packumentCache full:https://registry.npmjs.org/@types%2freact cache-miss
89 http cache https://registry.npmjs.org/@types%2freact 12ms (cache hit)
90 silly packumentCache full:https://registry.npmjs.org/@types%2freact set size:2555610 disposed:false
91 silly fetch manifest react-native-safe-area-context@>= 3.0.0
92 silly packumentCache full:https://registry.npmjs.org/react-native-safe-area-context cache-hit
93 silly placeDep ROOT @react-navigation/elements@1.3.31 OK for: @react-navigation/stack@6.4.1 want: ^1.3.31
94 silly placeDep ROOT color@4.2.3 OK for: @react-navigation/stack@6.4.1 want: ^4.2.3
95 silly fetch manifest color-string@^1.9.0
96 silly packumentCache full:https://registry.npmjs.org/color-string cache-miss
97 silly fetch manifest color-convert@^2.0.1
98 silly packumentCache full:https://registry.npmjs.org/color-convert cache-miss
99 http fetch GET 200 https://registry.npmjs.org/color-convert 34ms (cache revalidated)
100 silly packumentCache full:https://registry.npmjs.org/color-convert set size:72663 disposed:false
101 http fetch GET 200 https://registry.npmjs.org/color-string 340ms (cache revalidated)
102 silly packumentCache full:https://registry.npmjs.org/color-string set size:84418 disposed:false
103 silly placeDep node_modules/color color-convert@2.0.1 OK for: color@4.2.3 want: ^2.0.1
104 silly placeDep ROOT color-string@1.9.1 OK for: color@4.2.3 want: ^1.9.0
105 silly fetch manifest color-name@~1.1.4
106 silly packumentCache full:https://registry.npmjs.org/color-name cache-miss
107 silly fetch manifest simple-swizzle@^0.2.2
108 silly packumentCache full:https://registry.npmjs.org/simple-swizzle cache-miss
109 http fetch GET 200 https://registry.npmjs.org/color-name 33ms (cache revalidated)
110 silly packumentCache full:https://registry.npmjs.org/color-name set size:19467 disposed:false
111 http fetch GET 200 https://registry.npmjs.org/simple-swizzle 775ms (cache revalidated)
112 silly packumentCache full:https://registry.npmjs.org/simple-swizzle set size:10651 disposed:false
113 silly placeDep ROOT simple-swizzle@0.2.4 OK for: color-string@1.9.1 want: ^0.2.2
114 silly fetch manifest is-arrayish@^0.3.1
115 silly packumentCache full:https://registry.npmjs.org/is-arrayish cache-miss
116 http fetch GET 200 https://registry.npmjs.org/is-arrayish 274ms (cache revalidated)
117 silly packumentCache full:https://registry.npmjs.org/is-arrayish set size:15371 disposed:false
118 silly placeDep ROOT @egjs/hammerjs@2.0.17 OK for: react-native-gesture-handler@2.30.0 want: ^2.0.17
119 silly placeDep ROOT hoist-non-react-statics@3.3.2 OK for: react-native-gesture-handler@2.30.0 want: ^3.3.0
120 silly fetch manifest @types/hammerjs@^2.0.36
121 silly packumentCache full:https://registry.npmjs.org/@types%2fhammerjs cache-miss
122 silly fetch manifest react-is@^16.7.0
123 silly packumentCache full:https://registry.npmjs.org/react-is cache-miss
124 http fetch GET 200 https://registry.npmjs.org/react-is 376ms (cache revalidated)
125 silly packumentCache full:https://registry.npmjs.org/react-is set size:5215830 disposed:false
126 http fetch GET 200 https://registry.npmjs.org/@types%2fhammerjs 538ms (cache miss)
127 silly packumentCache full:https://registry.npmjs.org/@types%2fhammerjs set size:undefined disposed:false
128 silly placeDep ROOT @types/hammerjs@2.0.46 OK for: @egjs/hammerjs@2.0.17 want: ^2.0.36
129 silly placeDep node_modules/hoist-non-react-statics react-is@16.13.1 OK for: hoist-non-react-statics@3.3.2 want: ^16.7.0
130 silly placeDep ROOT is-arrayish@0.3.4 OK for: simple-swizzle@0.2.4 want: ^0.3.1
131 silly placeDep node_modules/color color-name@1.1.4 OK for: color-convert@2.0.1 want: ~1.1.4
132 silly reify mark retired [
132 silly reify   '/Users/minhazuddinchowdhury/Documents/Dev/tigoo-mvp-v1/node_modules/react-native-safe-area-context'
132 silly reify ]
133 silly reify mark retired [
133 silly reify   '/Users/minhazuddinchowdhury/Documents/Dev/tigoo-mvp-v1/node_modules/react-native-screens'
133 silly reify ]
134 silly reify moves {
134 silly reify   '/Users/minhazuddinchowdhury/Documents/Dev/tigoo-mvp-v1/node_modules/react-native-safe-area-context': '/Users/minhazuddinchowdhury/Documents/Dev/tigoo-mvp-v1/node_modules/.react-native-safe-area-context-1PzzvGDI',
134 silly reify   '/Users/minhazuddinchowdhury/Documents/Dev/tigoo-mvp-v1/node_modules/react-native-screens': '/Users/minhazuddinchowdhury/Documents/Dev/tigoo-mvp-v1/node_modules/.react-native-screens-Y1EOCF8A'
134 silly reify }
135 silly audit bulk request {
135 silly audit   '@0no-co/graphql.web': [ '1.2.0' ],
135 silly audit   '@babel/code-frame': [ '7.10.4', '7.29.0' ],
135 silly audit   '@babel/compat-data': [ '7.29.0' ],
135 silly audit   '@babel/core': [ '7.29.0' ],
135 silly audit   semver: [ '6.3.1', '7.7.3' ],
135 silly audit   '@babel/generator': [ '7.29.0' ],
135 silly audit   '@babel/helper-annotate-as-pure': [ '7.27.3' ],
135 silly audit   '@babel/helper-compilation-targets': [ '7.28.6' ],
135 silly audit   '@babel/helper-create-class-features-plugin': [ '7.28.6' ],
135 silly audit   '@babel/helper-create-regexp-features-plugin': [ '7.28.5' ],
135 silly audit   '@babel/helper-define-polyfill-provider': [ '0.6.6' ],
135 silly audit   '@babel/helper-globals': [ '7.28.0' ],
135 silly audit   '@babel/helper-member-expression-to-functions': [ '7.28.5' ],
135 silly audit   '@babel/helper-module-imports': [ '7.28.6' ],
135 silly audit   '@babel/helper-module-transforms': [ '7.28.6' ],
135 silly audit   '@babel/helper-optimise-call-expression': [ '7.27.1' ],
135 silly audit   '@babel/helper-plugin-utils': [ '7.28.6' ],
135 silly audit   '@babel/helper-remap-async-to-generator': [ '7.27.1' ],
135 silly audit   '@babel/helper-replace-supers': [ '7.28.6' ],
135 silly audit   '@babel/helper-skip-transparent-expression-wrappers': [ '7.27.1' ],
135 silly audit   '@babel/helper-string-parser': [ '7.27.1' ],
135 silly audit   '@babel/helper-validator-identifier': [ '7.28.5' ],
135 silly audit   '@babel/helper-validator-option': [ '7.27.1' ],
135 silly audit   '@babel/helper-wrap-function': [ '7.28.6' ],
135 silly audit   '@babel/helpers': [ '7.28.6' ],
135 silly audit   '@babel/highlight': [ '7.25.9' ],
135 silly audit   '@babel/parser': [ '7.29.0' ],
135 silly audit   '@babel/plugin-proposal-decorators': [ '7.29.0' ],
135 silly audit   '@babel/plugin-proposal-export-default-from': [ '7.27.1' ],
135 silly audit   '@babel/plugin-syntax-async-generators': [ '7.8.4' ],
135 silly audit   '@babel/plugin-syntax-bigint': [ '7.8.3' ],
135 silly audit   '@babel/plugin-syntax-class-properties': [ '7.12.13' ],
135 silly audit   '@babel/plugin-syntax-class-static-block': [ '7.14.5' ],
135 silly audit   '@babel/plugin-syntax-decorators': [ '7.28.6' ],
135 silly audit   '@babel/plugin-syntax-dynamic-import': [ '7.8.3' ],
135 silly audit   '@babel/plugin-syntax-export-default-from': [ '7.28.6' ],
135 silly audit   '@babel/plugin-syntax-flow': [ '7.28.6' ],
135 silly audit   '@babel/plugin-syntax-import-attributes': [ '7.28.6' ],
135 silly audit   '@babel/plugin-syntax-import-meta': [ '7.10.4' ],
135 silly audit   '@babel/plugin-syntax-json-strings': [ '7.8.3' ],
135 silly audit   '@babel/plugin-syntax-jsx': [ '7.28.6' ],
135 silly audit   '@babel/plugin-syntax-logical-assignment-operators': [ '7.10.4' ],
135 silly audit   '@babel/plugin-syntax-nullish-coalescing-operator': [ '7.8.3' ],
135 silly audit   '@babel/plugin-syntax-numeric-separator': [ '7.10.4' ],
135 silly audit   '@babel/plugin-syntax-object-rest-spread': [ '7.8.3' ],
135 silly audit   '@babel/plugin-syntax-optional-catch-binding': [ '7.8.3' ],
135 silly audit   '@babel/plugin-syntax-optional-chaining': [ '7.8.3' ],
135 silly audit   '@babel/plugin-syntax-private-property-in-object': [ '7.14.5' ],
135 silly audit   '@babel/plugin-syntax-top-level-await': [ '7.14.5' ],
135 silly audit   '@babel/plugin-syntax-typescript': [ '7.28.6' ],
135 silly audit   '@babel/plugin-transform-arrow-functions': [ '7.27.1' ],
135 silly audit   '@babel/plugin-transform-async-generator-functions': [ '7.29.0' ],
135 silly audit   '@babel/plugin-transform-async-to-generator': [ '7.28.6' ],
135 silly audit   '@babel/plugin-transform-block-scoping': [ '7.28.6' ],
135 silly audit   '@babel/plugin-transform-class-properties': [ '7.28.6' ],
135 silly audit   '@babel/plugin-transform-class-static-block': [ '7.28.6' ],
135 silly audit   '@babel/plugin-transform-classes': [ '7.28.6' ],
135 silly audit   '@babel/plugin-transform-computed-properties': [ '7.28.6' ],
135 silly audit   '@babel/plugin-transform-destructuring': [ '7.28.5' ],
135 silly audit   '@babel/plugin-transform-export-namespace-from': [ '7.27.1' ],
135 silly audit   '@babel/plugin-transform-flow-strip-types': [ '7.27.1' ],
135 silly audit   '@babel/plugin-transform-for-of': [ '7.27.1' ],
135 silly audit   '@babel/plugin-transform-function-name': [ '7.27.1' ],
135 silly audit   '@babel/plugin-transform-literals': [ '7.27.1' ],
135 silly audit   '@babel/plugin-transform-logical-assignment-operators': [ '7.28.6' ],
135 silly audit   '@babel/plugin-transform-modules-commonjs': [ '7.28.6' ],
135 silly audit   '@babel/plugin-transform-named-capturing-groups-regex': [ '7.29.0' ],
135 silly audit   '@babel/plugin-transform-nullish-coalescing-operator': [ '7.28.6' ],
135 silly audit   '@babel/plugin-transform-numeric-separator': [ '7.28.6' ],
135 silly audit   '@babel/plugin-transform-object-rest-spread': [ '7.28.6' ],
135 silly audit   '@babel/plugin-transform-optional-catch-binding': [ '7.28.6' ],
135 silly audit   '@babel/plugin-transform-optional-chaining': [ '7.28.6' ],
135 silly audit   '@babel/plugin-transform-parameters': [ '7.27.7' ],
135 silly audit   '@babel/plugin-transform-private-methods': [ '7.28.6' ],
135 silly audit   '@babel/plugin-transform-private-property-in-object': [ '7.28.6' ],
135 silly audit   '@babel/plugin-transform-react-display-name': [ '7.28.0' ],
135 silly audit   '@babel/plugin-transform-react-jsx': [ '7.28.6' ],
135 silly audit   '@babel/plugin-transform-react-jsx-development': [ '7.27.1' ],
135 silly audit   '@babel/plugin-transform-react-jsx-self': [ '7.27.1' ],
135 silly audit   '@babel/plugin-transform-react-jsx-source': [ '7.27.1' ],
135 silly audit   '@babel/plugin-transform-react-pure-annotations': [ '7.27.1' ],
135 silly audit   '@babel/plugin-transform-regenerator': [ '7.29.0' ],
135 silly audit   '@babel/plugin-transform-runtime': [ '7.29.0' ],
135 silly audit   '@babel/plugin-transform-shorthand-properties': [ '7.27.1' ],
135 silly audit   '@babel/plugin-transform-spread': [ '7.28.6' ],
135 silly audit   '@babel/plugin-transform-sticky-regex': [ '7.27.1' ],
135 silly audit   '@babel/plugin-transform-typescript': [ '7.28.6' ],
135 silly audit   '@babel/plugin-transform-unicode-regex': [ '7.27.1' ],
135 silly audit   '@babel/preset-react': [ '7.28.5' ],
135 silly audit   '@babel/preset-typescript': [ '7.28.5' ],
135 silly audit   '@babel/runtime': [ '7.28.6' ],
135 silly audit   '@babel/template': [ '7.28.6' ],
135 silly audit   '@babel/traverse': [ '7.29.0' ],
135 silly audit   '@babel/types': [ '7.29.0' ],
135 silly audit   '@expo/code-signing-certificates': [ '0.0.6' ],
135 silly audit   '@expo/config': [ '12.0.13' ],
135 silly audit   '@expo/config-plugins': [ '54.0.4' ],
135 silly audit   'ansi-styles': [ '4.3.0', '3.2.1', '5.2.0' ],
135 silly audit   chalk: [ '4.1.2', '2.4.2' ],
135 silly audit   'color-convert': [ '2.0.1', '1.9.3' ],
135 silly audit   'color-name': [ '1.1.4', '1.1.3' ],
135 silly audit   'has-flag': [ '4.0.0', '3.0.0' ],
135 silly audit   'supports-color': [ '7.2.0', '8.1.1', '5.5.0' ],
135 silly audit   '@expo/config-types': [ '54.0.10' ],
135 silly audit   '@expo/devcert': [ '1.2.1' ],
135 silly audit   debug: [ '3.2.7', '2.6.9', '4.4.3' ],
135 silly audit   '@expo/devtools': [ '0.1.8' ],
135 silly audit   '@expo/env': [ '2.0.8' ],
135 silly audit   '@expo/fingerprint': [ '0.15.4' ],
135 silly audit   '@expo/image-utils': [ '0.8.8' ],
135 silly audit   '@expo/json-file': [ '10.0.8' ],
135 silly audit   '@expo/metro': [ '54.2.0' ],
135 silly audit   '@expo/osascript': [ '2.3.8' ],
135 silly audit   '@expo/package-manager': [ '1.9.10' ],
135 silly audit   '@expo/plist': [ '0.4.8' ],
135 silly audit   '@expo/schema-utils': [ '0.1.8' ],
135 silly audit   '@expo/sdk-runtime-versions': [ '1.0.0' ],
135 silly audit   '@expo/spawn-async': [ '1.7.2' ],
135 silly audit   '@expo/sudo-prompt': [ '9.3.2' ],
135 silly audit   '@expo/ws-tunnel': [ '1.0.6' ],
135 silly audit   '@expo/xcpretty': [ '4.4.0' ],
135 silly audit   argparse: [ '2.0.1', '1.0.10' ],
135 silly audit   'js-yaml': [ '4.1.1', '3.14.2' ],
135 silly audit   '@isaacs/balanced-match': [ '4.0.1' ],
135 silly audit   '@isaacs/brace-expansion': [ '5.0.0' ],
135 silly audit   '@isaacs/fs-minipass': [ '4.0.1' ],
135 silly audit   '@isaacs/ttlcache': [ '1.4.1' ],
135 silly audit   '@istanbuljs/load-nyc-config': [ '1.1.0' ],
135 silly audit   camelcase: [ '5.3.1', '6.3.0' ],
135 silly audit   '@istanbuljs/schema': [ '0.1.3' ],
135 silly audit   '@jest/create-cache-key-function': [ '29.7.0' ],
135 silly audit   '@jest/environment': [ '29.7.0' ],
135 silly audit   '@jest/fake-timers': [ '29.7.0' ],
135 silly audit   '@jest/schemas': [ '29.6.3' ],
135 silly audit   '@jest/transform': [ '29.7.0' ],
135 silly audit   '@jest/types': [ '29.6.3' ],
135 silly audit   '@jridgewell/gen-mapping': [ '0.3.13' ],
135 silly audit   '@jridgewell/remapping': [ '2.3.5' ],
135 silly audit   '@jridgewell/resolve-uri': [ '3.1.2' ],
135 silly audit   '@jridgewell/source-map': [ '0.3.11' ],
135 silly audit   '@jridgewell/sourcemap-codec': [ '1.5.5' ],
135 silly audit   '@jridgewell/trace-mapping': [ '0.3.31' ],
135 silly audit   '@react-native/assets-registry': [ '0.81.5' ],
135 silly audit   '@react-native/babel-plugin-codegen': [ '0.81.5' ],
135 silly audit   '@react-native/babel-preset': [ '0.81.5' ],
135 silly audit   '@react-native/codegen': [ '0.81.5' ],
135 silly audit   'brace-expansion': [ '1.1.12', '2.0.2' ],
135 silly audit   glob: [ '7.2.3', '13.0.0' ],
135 silly audit   'hermes-estree': [ '0.29.1', '0.32.0' ],
135 silly audit   'hermes-parser': [ '0.29.1', '0.32.0' ],
135 silly audit   minimatch: [ '3.1.2', '10.1.1', '9.0.5' ],
135 silly audit   '@react-native/community-cli-plugin': [ '0.81.5' ],
135 silly audit   '@react-native/debugger-frontend': [ '0.81.5' ],
135 silly audit   '@react-native/dev-middleware': [ '0.81.5' ],
135 silly audit   ws: [ '6.2.3', '8.19.0', '7.5.10' ],
135 silly audit   '@react-native/gradle-plugin': [ '0.81.5' ],
135 silly audit   '@react-native/js-polyfills': [ '0.81.5' ],
135 silly audit   '@react-native/normalize-colors': [ '0.81.5' ],
135 silly audit   '@react-navigation/core': [ '6.4.17' ],
135 silly audit   'escape-string-regexp': [ '4.0.0', '1.0.5', '2.0.0' ],
135 silly audit   'react-is': [ '16.13.1', '18.3.1' ],
135 silly audit   '@react-navigation/native': [ '6.1.18' ],
135 silly audit   '@react-navigation/routers': [ '6.1.9' ],
135 silly audit   '@sinclair/typebox': [ '0.27.8' ],
135 silly audit   '@sinonjs/commons': [ '3.0.1' ],
135 silly audit   '@sinonjs/fake-timers': [ '10.3.0' ],
135 silly audit   '@types/babel__core': [ '7.20.5' ],
135 silly audit   '@types/babel__generator': [ '7.27.0' ],
135 silly audit   '@types/babel__template': [ '7.4.4' ],
135 silly audit   '@types/babel__traverse': [ '7.28.0' ],
135 silly audit   '@types/graceful-fs': [ '4.1.9' ],
135 silly audit   '@types/istanbul-lib-coverage': [ '2.0.6' ],
135 silly audit   '@types/istanbul-lib-report': [ '3.0.3' ],
135 silly audit   '@types/istanbul-reports': [ '3.0.4' ],
135 silly audit   '@types/node': [ '25.1.0' ],
135 silly audit   '@types/react': [ '19.1.17' ],
135 silly audit   '@types/stack-utils': [ '2.0.3' ],
135 silly audit   '@types/yargs': [ '17.0.35' ],
135 silly audit   '@types/yargs-parser': [ '21.0.3' ],
135 silly audit   '@ungap/structured-clone': [ '1.3.0' ],
135 silly audit   '@urql/core': [ '5.2.0' ],
135 silly audit   '@urql/exchange-retry': [ '1.3.2' ],
135 silly audit   '@xmldom/xmldom': [ '0.8.11' ],
135 silly audit   'abort-controller': [ '3.0.0' ],
135 silly audit   accepts: [ '1.3.8' ],
135 silly audit   acorn: [ '8.15.0' ],
135 silly audit   'agent-base': [ '7.1.4' ],
135 silly audit   anser: [ '1.4.10' ],
135 silly audit   'ansi-escapes': [ '4.3.2' ],
135 silly audit   'type-fest': [ '0.21.3', '0.7.1' ],
135 silly audit   'ansi-regex': [ '5.0.1', '4.1.1' ],
135 silly audit   'any-promise': [ '1.3.0' ],
135 silly audit   anymatch: [ '3.1.3' ],
135 silly audit   arg: [ '5.0.2' ],
135 silly audit   asap: [ '2.0.6' ],
135 silly audit   'async-limiter': [ '1.0.1' ],
135 silly audit   'babel-jest': [ '29.7.0' ],
135 silly audit   'babel-plugin-istanbul': [ '6.1.1' ],
135 silly audit   'babel-plugin-jest-hoist': [ '29.6.3' ],
135 silly audit   'babel-plugin-polyfill-corejs2': [ '0.4.15' ],
135 silly audit   'babel-plugin-polyfill-corejs3': [ '0.13.0' ],
135 silly audit   'babel-plugin-polyfill-regenerator': [ '0.6.6' ],
135 silly audit   'babel-plugin-react-compiler': [ '1.0.0' ],
135 silly audit   'babel-plugin-react-native-web': [ '0.21.2' ],
135 silly audit   'babel-plugin-syntax-hermes-parser': [ '0.29.1' ],
135 silly audit   'babel-plugin-transform-flow-enums': [ '0.0.2' ],
135 silly audit   'babel-preset-current-node-syntax': [ '1.2.0' ],
135 silly audit   'babel-preset-jest': [ '29.6.3' ],
135 silly audit   'balanced-match': [ '1.0.2' ],
135 silly audit   'base64-js': [ '1.5.1' ],
135 silly audit   'baseline-browser-mapping': [ '2.9.19' ],
135 silly audit   'better-opn': [ '3.0.2' ],
135 silly audit   open: [ '8.4.2', '7.4.2' ],
135 silly audit   'big-integer': [ '1.6.52' ],
135 silly audit   'bplist-creator': [ '0.1.0' ],
135 silly audit   'bplist-parser': [ '0.3.1' ],
135 silly audit   braces: [ '3.0.3' ],
135 silly audit   browserslist: [ '4.28.1' ],
135 silly audit   bser: [ '2.1.1' ],
135 silly audit   buffer: [ '5.7.1' ],
135 silly audit   'buffer-from': [ '1.1.2' ],
135 silly audit   bytes: [ '3.1.2' ],
135 silly audit   'caniuse-lite': [ '1.0.30001766' ],
135 silly audit   chownr: [ '3.0.0' ],
135 silly audit   'chrome-launcher': [ '0.15.2' ],
135 silly audit   'chromium-edge-launcher': [ '0.2.0' ],
135 silly audit   'ci-info': [ '2.0.0', '3.9.0' ],
135 silly audit   'cli-cursor': [ '2.1.0' ],
135 silly audit   'cli-spinners': [ '2.9.2' ],
135 silly audit   cliui: [ '8.0.1' ],
135 silly audit   clone: [ '1.0.4' ],
135 silly audit   commander: [ '7.2.0', '12.1.0', '4.1.1', '2.20.3' ],
135 silly audit   compressible: [ '2.0.18' ],
135 silly audit   compression: [ '1.8.1' ],
135 silly audit   ms: [ '2.0.0', '2.1.3' ],
135 silly audit   negotiator: [ '0.6.4', '0.6.3' ],
135 silly audit   'concat-map': [ '0.0.1' ],
135 silly audit   connect: [ '3.7.0' ],
135 silly audit   'convert-source-map': [ '2.0.0' ],
135 silly audit   'core-js-compat': [ '3.48.0' ],
135 silly audit   'cross-spawn': [ '7.0.6' ],
135 silly audit   'crypto-random-string': [ '2.0.0' ],
135 silly audit   csstype: [ '3.2.3' ],
135 silly audit   'decode-uri-component': [ '0.2.2' ],
135 silly audit   'deep-extend': [ '0.6.0' ],
135 silly audit   deepmerge: [ '4.3.1' ],
135 silly audit   defaults: [ '1.0.4' ],
135 silly audit   'define-lazy-prop': [ '2.0.0' ],
135 silly audit   depd: [ '2.0.0' ],
135 silly audit   destroy: [ '1.2.0' ],
135 silly audit   'detect-libc': [ '2.1.2' ],
135 silly audit   dotenv: [ '16.4.7' ],
135 silly audit   'dotenv-expand': [ '11.0.7' ],
135 silly audit   'ee-first': [ '1.1.1' ],
135 silly audit   'electron-to-chromium': [ '1.5.283' ],
135 silly audit   'emoji-regex': [ '8.0.0' ],
135 silly audit   encodeurl: [ '1.0.2', '2.0.0' ],
135 silly audit   'env-editor': [ '0.4.2' ],
135 silly audit   'error-stack-parser': [ '2.1.4' ],
135 silly audit   escalade: [ '3.2.0' ],
135 silly audit   'escape-html': [ '1.0.3' ],
135 silly audit   esprima: [ '4.0.1' ],
135 silly audit   etag: [ '1.8.1' ],
135 silly audit   'event-target-shim': [ '5.0.1' ],
135 silly audit   'exec-async': [ '2.2.0' ],
135 silly audit   expo: [ '54.0.33' ],
135 silly audit   'expo-modules-autolinking': [ '3.0.24' ],
135 silly audit   'expo-modules-core': [ '3.0.29' ],
135 silly audit   'expo-server': [ '1.0.5' ],
135 silly audit   'expo-status-bar': [ '3.0.9' ],
135 silly audit   '@expo/cli': [ '54.0.23' ],
135 silly audit   '@expo/prebuild-config': [ '54.0.8' ],
135 silly audit   '@expo/metro-config': [ '54.0.14' ],
135 silly audit   '@expo/vector-icons': [ '15.0.3' ],
135 silly audit   'babel-preset-expo': [ '54.0.10' ],
135 silly audit   'expo-asset': [ '12.0.12' ],
135 silly audit   'expo-constants': [ '18.0.13' ],
135 silly audit   'expo-file-system': [ '19.0.21' ],
135 silly audit   'expo-font': [ '14.0.11' ],
135 silly audit   'expo-keep-awake': [ '15.0.8' ],
135 silly audit   picomatch: [ '3.0.1', '2.3.1', '4.0.3' ],
135 silly audit   'exponential-backoff': [ '3.1.3' ],
135 silly audit   'fast-deep-equal': [ '3.1.3' ],
135 silly audit   'fast-json-stable-stringify': [ '2.1.0' ],
135 silly audit   'fb-watchman': [ '2.0.2' ],
135 silly audit   'fill-range': [ '7.1.1' ],
135 silly audit   'filter-obj': [ '1.1.0' ],
135 silly audit   finalhandler: [ '1.1.2' ],
135 silly audit   'find-up': [ '4.1.0' ],
135 silly audit   'flow-enums-runtime': [ '0.0.6' ],
135 silly audit   fontfaceobserver: [ '2.3.0' ],
135 silly audit   'freeport-async': [ '2.0.0' ],
135 silly audit   fresh: [ '0.5.2' ],
135 silly audit   'fs.realpath': [ '1.0.0' ],
135 silly audit   fsevents: [ '2.3.3' ],
135 silly audit   'function-bind': [ '1.1.2' ],
135 silly audit   gensync: [ '1.0.0-beta.2' ],
135 silly audit   'get-caller-file': [ '2.0.5' ],
135 silly audit   'get-package-type': [ '0.1.0' ],
135 silly audit   getenv: [ '2.0.0' ],
135 silly audit   'global-dirs': [ '0.1.1' ],
135 silly audit   'graceful-fs': [ '4.2.11' ],
135 silly audit   hasown: [ '2.0.2' ],
135 silly audit   'hosted-git-info': [ '7.0.2' ],
135 silly audit   'lru-cache': [ '10.4.3', '5.1.1', '11.2.5' ],
135 silly audit   'http-errors': [ '2.0.1' ],
135 silly audit   statuses: [ '2.0.2', '1.5.0' ],
135 silly audit   'https-proxy-agent': [ '7.0.6' ],
135 silly audit   ieee754: [ '1.2.1' ],
135 silly audit   ignore: [ '5.3.2' ],
135 silly audit   'image-size': [ '1.2.1' ],
135 silly audit   imurmurhash: [ '0.1.4' ],
135 silly audit   inflight: [ '1.0.6' ],
135 silly audit   inherits: [ '2.0.4' ],
135 silly audit   ini: [ '1.3.8' ],
135 silly audit   invariant: [ '2.2.4' ],
135 silly audit   'is-core-module': [ '2.16.1' ],
135 silly audit   'is-docker': [ '2.2.1' ],
135 silly audit   'is-fullwidth-code-point': [ '3.0.0' ],
135 silly audit   'is-number': [ '7.0.0' ],
135 silly audit   'is-wsl': [ '2.2.0' ],
135 silly audit   isexe: [ '2.0.0' ],
135 silly audit   'istanbul-lib-coverage': [ '3.2.2' ],
135 silly audit   'istanbul-lib-instrument': [ '5.2.1' ],
135 silly audit   'jest-environment-node': [ '29.7.0' ],
135 silly audit   'jest-get-type': [ '29.6.3' ],
135 silly audit   'jest-haste-map': [ '29.7.0' ],
135 silly audit   'jest-message-util': [ '29.7.0' ],
135 silly audit   'jest-mock': [ '29.7.0' ],
135 silly audit   'jest-regex-util': [ '29.6.3' ],
135 silly audit   'jest-util': [ '29.7.0' ],
135 silly audit   'jest-validate': [ '29.7.0' ],
135 silly audit   'jest-worker': [ '29.7.0' ],
135 silly audit   'jimp-compact': [ '0.16.1' ],
135 silly audit   'js-tokens': [ '4.0.0' ],
135 silly audit   'jsc-safe-url': [ '0.2.4' ],
135 silly audit   jsesc: [ '3.1.0' ],
135 silly audit   json5: [ '2.2.3' ],
135 silly audit   kleur: [ '3.0.3' ],
135 silly audit   'lan-network': [ '0.1.7' ],
135 silly audit   leven: [ '3.1.0' ],
135 silly audit   'lighthouse-logger': [ '1.4.2' ],
135 silly audit   lightningcss: [ '1.31.1' ],
135 silly audit   'lightningcss-android-arm64': [ '1.31.1' ],
135 silly audit   'lightningcss-darwin-arm64': [ '1.31.1' ],
135 silly audit   'lightningcss-darwin-x64': [ '1.31.1' ],
135 silly audit   'lightningcss-freebsd-x64': [ '1.31.1' ],
135 silly audit   'lightningcss-linux-arm-gnueabihf': [ '1.31.1' ],
135 silly audit   'lightningcss-linux-arm64-gnu': [ '1.31.1' ],
135 silly audit   'lightningcss-linux-arm64-musl': [ '1.31.1' ],
135 silly audit   'lightningcss-linux-x64-gnu': [ '1.31.1' ],
135 silly audit   'lightningcss-linux-x64-musl': [ '1.31.1' ],
135 silly audit   'lightningcss-win32-arm64-msvc': [ '1.31.1' ],
135 silly audit   'lightningcss-win32-x64-msvc': [ '1.31.1' ],
135 silly audit   'lines-and-columns': [ '1.2.4' ],
135 silly audit   'locate-path': [ '5.0.0' ],
135 silly audit   'lodash.debounce': [ '4.0.8' ],
135 silly audit   'lodash.throttle': [ '4.1.1' ],
135 silly audit   'log-symbols': [ '2.2.0' ],
135 silly audit   'loose-envify': [ '1.4.0' ],
135 silly audit   makeerror: [ '1.0.12' ],
135 silly audit   marky: [ '1.3.0' ],
135 silly audit   'memoize-one': [ '5.2.1' ],
135 silly audit   'merge-stream': [ '2.0.0' ],
135 silly audit   metro: [ '0.83.3' ],
135 silly audit   'metro-babel-transformer': [ '0.83.3' ],
135 silly audit   'metro-cache': [ '0.83.3' ],
135 silly audit   'metro-cache-key': [ '0.83.3' ],
135 silly audit   'metro-config': [ '0.83.3' ],
135 silly audit   'metro-core': [ '0.83.3' ],
135 silly audit   'metro-file-map': [ '0.83.3' ],
135 silly audit   'metro-minify-terser': [ '0.83.3' ],
135 silly audit   'metro-resolver': [ '0.83.3' ],
135 silly audit   'metro-runtime': [ '0.83.3' ],
135 silly audit   'metro-source-map': [ '0.83.3' ],
135 silly audit   'metro-symbolicate': [ '0.83.3' ],
135 silly audit   'metro-transform-plugins': [ '0.83.3' ],
135 silly audit   'metro-transform-worker': [ '0.83.3' ],
135 silly audit   micromatch: [ '4.0.8' ],
135 silly audit   mime: [ '1.6.0' ],
135 silly audit   'mime-db': [ '1.52.0' ],
135 silly audit   'mime-types': [ '2.1.35' ],
135 silly audit   'mimic-fn': [ '1.2.0' ],
135 silly audit   minimist: [ '1.2.8' ],
135 silly audit   minipass: [ '7.1.2' ],
135 silly audit   minizlib: [ '3.1.0' ],
135 silly audit   mkdirp: [ '1.0.4' ],
135 silly audit   mz: [ '2.7.0' ],
135 silly audit   nanoid: [ '3.3.11' ],
135 silly audit   'nested-error-stacks': [ '2.0.1' ],
135 silly audit   'node-forge': [ '1.3.3' ],
135 silly audit   'node-int64': [ '0.4.0' ],
135 silly audit   'node-releases': [ '2.0.27' ],
135 silly audit   'normalize-path': [ '3.0.0' ],
135 silly audit   'npm-package-arg': [ '11.0.3' ],
135 silly audit   nullthrows: [ '1.1.1' ],
135 silly audit   ob1: [ '0.83.3' ],
135 silly audit   'object-assign': [ '4.1.1' ],
135 silly audit   'on-finished': [ '2.3.0', '2.4.1' ],
135 silly audit   'on-headers': [ '1.1.0' ],
135 silly audit   once: [ '1.4.0' ],
135 silly audit   onetime: [ '2.0.1' ],
135 silly audit   ora: [ '3.4.0' ],
135 silly audit   'strip-ansi': [ '5.2.0', '6.0.1' ],
135 silly audit   'p-limit': [ '3.1.0', '2.3.0' ],
135 silly audit   'p-locate': [ '4.1.0' ],
135 silly audit   'p-try': [ '2.2.0' ],
135 silly audit   'parse-png': [ '2.1.0' ],
135 silly audit   parseurl: [ '1.3.3' ],
135 silly audit   'path-exists': [ '4.0.0' ],
135 silly audit   'path-is-absolute': [ '1.0.1' ],
135 silly audit   'path-key': [ '3.1.1' ],
135 silly audit   'path-parse': [ '1.0.7' ],
135 silly audit   'path-scurry': [ '2.0.1' ],
135 silly audit   picocolors: [ '1.1.1' ],
135 silly audit   pirates: [ '4.0.7' ],
135 silly audit   plist: [ '3.1.0' ],
135 silly audit   pngjs: [ '3.4.0' ],
135 silly audit   postcss: [ '8.4.49' ],
135 silly audit   'pretty-bytes': [ '5.6.0' ],
135 silly audit   'pretty-format': [ '29.7.0' ],
135 silly audit   'proc-log': [ '4.2.0' ],
135 silly audit   progress: [ '2.0.3' ],
135 silly audit   promise: [ '8.3.0' ],
135 silly audit   prompts: [ '2.4.2' ],
135 silly audit   punycode: [ '2.3.1' ],
135 silly audit   'qrcode-terminal': [ '0.11.0' ],
135 silly audit   'query-string': [ '7.1.3' ],
135 silly audit   queue: [ '6.0.2' ],
135 silly audit   'range-parser': [ '1.2.1' ],
135 silly audit   rc: [ '1.2.8' ],
135 silly audit   react: [ '19.1.0' ],
135 silly audit   'react-devtools-core': [ '6.1.5' ],
135 silly audit   'react-freeze': [ '1.0.4' ],
135 silly audit   'react-native': [ '0.81.5' ],
135 silly audit   'react-native-is-edge-to-edge': [ '1.2.1' ],
135 silly audit   '@react-native/virtualized-lists': [ '0.81.5' ],
135 silly audit   'react-refresh': [ '0.14.2' ],
135 silly audit   regenerate: [ '1.4.2' ],
135 silly audit   'regenerate-unicode-properties': [ '10.2.2' ],
135 silly audit   'regenerator-runtime': [ '0.13.11' ],
135 silly audit   'regexpu-core': [ '6.4.0' ],
135 silly audit   regjsgen: [ '0.8.0' ],
135 silly audit   regjsparser: [ '0.13.0' ],
135 silly audit   'require-directory': [ '2.1.1' ],
135 silly audit   'require-from-string': [ '2.0.2' ],
135 silly audit   requireg: [ '0.2.2' ],
135 silly audit   resolve: [ '1.7.1', '1.22.11' ],
135 silly audit   'resolve-from': [ '5.0.0' ],
135 silly audit   'resolve-global': [ '1.0.0' ],
135 silly audit   'resolve-workspace-root': [ '2.0.1' ],
135 silly audit   'resolve.exports': [ '2.0.3' ],
135 silly audit   'restore-cursor': [ '2.0.0' ],
135 silly audit   rimraf: [ '3.0.2' ],
135 silly audit   'safe-buffer': [ '5.2.1' ],
135 silly audit   sax: [ '1.4.4' ],
135 silly audit   scheduler: [ '0.26.0' ],
135 silly audit   send: [ '0.19.2' ],
135 silly audit   'serialize-error': [ '2.1.0' ],
135 silly audit   'serve-static': [ '1.16.3' ],
135 silly audit   setprototypeof: [ '1.2.0' ],
135 silly audit   'shebang-command': [ '2.0.0' ],
135 silly audit   'shebang-regex': [ '3.0.0' ],
135 silly audit   'shell-quote': [ '1.8.3' ],
135 silly audit   'signal-exit': [ '3.0.7' ],
135 silly audit   'simple-plist': [ '1.3.1' ],
135 silly audit   sisteransi: [ '1.0.5' ],
135 silly audit   slash: [ '3.0.0' ],
135 silly audit   slugify: [ '1.6.6' ],
135 silly audit   'source-map': [ '0.5.7', '0.6.1' ],
135 silly audit   'source-map-js': [ '1.2.1' ],
135 silly audit   'source-map-support': [ '0.5.21' ],
135 silly audit   'split-on-first': [ '1.1.0' ],
135 silly audit   'sprintf-js': [ '1.0.3' ],
135 silly audit   'stack-utils': [ '2.0.6' ],
135 silly audit   stackframe: [ '1.3.4' ],
135 silly audit   'stacktrace-parser': [ '0.1.11' ],
135 silly audit   'stream-buffers': [ '2.2.0' ],
135 silly audit   'strict-uri-encode': [ '2.0.0' ],
135 silly audit   'string-width': [ '4.2.3' ],
135 silly audit   'strip-json-comments': [ '2.0.1' ],
135 silly audit   'structured-headers': [ '0.4.1' ],
135 silly audit   sucrase: [ '3.35.1' ],
135 silly audit   'supports-hyperlinks': [ '2.3.0' ],
135 silly audit   'supports-preserve-symlinks-flag': [ '1.0.0' ],
135 silly audit   tar: [ '7.5.7' ],
135 silly audit   yallist: [ '5.0.0', '3.1.1' ],
135 silly audit   'temp-dir': [ '2.0.0' ],
135 silly audit   'terminal-link': [ '2.1.1' ],
135 silly audit   terser: [ '5.46.0' ],
135 silly audit   'test-exclude': [ '6.0.0' ],
135 silly audit   thenify: [ '3.3.1' ],
135 silly audit   'thenify-all': [ '1.6.0' ],
135 silly audit   throat: [ '5.0.0' ],
135 silly audit   tinyglobby: [ '0.2.15' ],
135 silly audit   fdir: [ '6.5.0' ],
135 silly audit   tmpl: [ '1.0.5' ],
135 silly audit   'to-regex-range': [ '5.0.1' ],
135 silly audit   toidentifier: [ '1.0.1' ],
135 silly audit   'ts-interface-checker': [ '0.1.13' ],
135 silly audit   'type-detect': [ '4.0.8' ],
135 silly audit   typescript: [ '5.9.3' ],
135 silly audit   undici: [ '6.23.0' ],
135 silly audit   'undici-types': [ '7.16.0' ],
135 silly audit   'unicode-canonical-property-names-ecmascript': [ '2.0.1' ],
135 silly audit   'unicode-match-property-ecmascript': [ '2.0.0' ],
135 silly audit   'unicode-match-property-value-ecmascript': [ '2.2.1' ],
135 silly audit   'unicode-property-aliases-ecmascript': [ '2.2.0' ],
135 silly audit   'unique-string': [ '2.0.0' ],
135 silly audit   unpipe: [ '1.0.0' ],
135 silly audit   'update-browserslist-db': [ '1.2.3' ],
135 silly audit   'use-latest-callback': [ '0.2.6' ],
135 silly audit   'utils-merge': [ '1.0.1' ],
135 silly audit   uuid: [ '7.0.3' ],
135 silly audit   'validate-npm-package-name': [ '5.0.1' ],
135 silly audit   vary: [ '1.1.2' ],
135 silly audit   vlq: [ '1.0.1' ],
135 silly audit   walker: [ '1.0.8' ],
135 silly audit   'warn-once': [ '0.1.1' ],
135 silly audit   wcwidth: [ '1.0.1' ],
135 silly audit   'webidl-conversions': [ '5.0.0' ],
135 silly audit   'whatwg-fetch': [ '3.6.20' ],
135 silly audit   'whatwg-url-without-unicode': [ '8.0.0-3' ],
135 silly audit   which: [ '2.0.2' ],
135 silly audit   wonka: [ '6.3.5' ],
135 silly audit   'wrap-ansi': [ '7.0.0' ],
135 silly audit   wrappy: [ '1.0.2' ],
135 silly audit   'write-file-atomic': [ '4.0.2' ],
135 silly audit   xcode: [ '3.0.1' ],
135 silly audit   xml2js: [ '0.6.0' ],
135 silly audit   xmlbuilder: [ '11.0.1', '15.1.1' ],
135 silly audit   y18n: [ '5.0.8' ],
135 silly audit   yaml: [ '2.8.2' ],
135 silly audit   yargs: [ '17.7.2' ],
135 silly audit   'yargs-parser': [ '21.1.1' ],
135 silly audit   'yocto-queue': [ '0.1.0' ],
135 silly audit   '@react-navigation/stack': [ '6.4.1' ],
135 silly audit   'react-native-gesture-handler': [ '2.30.0' ],
135 silly audit   'react-native-safe-area-context': [ '5.6.2' ],
135 silly audit   'react-native-screens': [ '4.16.0' ],
135 silly audit   '@react-navigation/elements': [ '1.3.31' ],
135 silly audit   color: [ '4.2.3' ],
135 silly audit   'color-string': [ '1.9.1' ],
135 silly audit   'simple-swizzle': [ '0.2.4' ],
135 silly audit   '@egjs/hammerjs': [ '2.0.17' ],
135 silly audit   'hoist-non-react-statics': [ '3.3.2' ],
135 silly audit   '@types/hammerjs': [ '2.0.46' ],
135 silly audit   'is-arrayish': [ '0.3.4' ]
135 silly audit }
136 http cache is-arrayish@https://registry.npmjs.org/is-arrayish/-/is-arrayish-0.3.4.tgz 0ms (cache hit)
137 http cache simple-swizzle@https://registry.npmjs.org/simple-swizzle/-/simple-swizzle-0.2.4.tgz 0ms (cache hit)
138 http cache hoist-non-react-statics@https://registry.npmjs.org/hoist-non-react-statics/-/hoist-non-react-statics-3.3.2.tgz 0ms (cache hit)
139 http cache @egjs/hammerjs@https://registry.npmjs.org/@egjs/hammerjs/-/hammerjs-2.0.17.tgz 0ms (cache hit)
140 http cache @types/hammerjs@https://registry.npmjs.org/@types/hammerjs/-/hammerjs-2.0.46.tgz 0ms (cache hit)
141 http cache color@https://registry.npmjs.org/color/-/color-4.2.3.tgz 0ms (cache hit)
142 http cache color-string@https://registry.npmjs.org/color-string/-/color-string-1.9.1.tgz 0ms (cache hit)
143 http cache @react-navigation/elements@https://registry.npmjs.org/@react-navigation/elements/-/elements-1.3.31.tgz 0ms (cache hit)
144 http cache react-native-gesture-handler@https://registry.npmjs.org/react-native-gesture-handler/-/react-native-gesture-handler-2.30.0.tgz 0ms (cache hit)
145 http cache @react-navigation/stack@https://registry.npmjs.org/@react-navigation/stack/-/stack-6.4.1.tgz 0ms (cache hit)
146 http cache react-native-screens@https://registry.npmjs.org/react-native-screens/-/react-native-screens-4.16.0.tgz 0ms (cache hit)
147 http cache react-native-safe-area-context@https://registry.npmjs.org/react-native-safe-area-context/-/react-native-safe-area-context-5.6.2.tgz 0ms (cache hit)
148 http cache color-convert@https://registry.npmjs.org/color-convert/-/color-convert-2.0.1.tgz 0ms (cache hit)
149 http cache color-name@https://registry.npmjs.org/color-name/-/color-name-1.1.4.tgz 0ms (cache hit)
150 http cache react-is@https://registry.npmjs.org/react-is/-/react-is-16.13.1.tgz 0ms (cache hit)
151 silly tarball no local data for hoist-non-react-statics@https://registry.npmjs.org/hoist-non-react-statics/-/hoist-non-react-statics-3.3.2.tgz. Extracting by manifest.
152 silly tarball no local data for @egjs/hammerjs@https://registry.npmjs.org/@egjs/hammerjs/-/hammerjs-2.0.17.tgz. Extracting by manifest.
153 silly tarball no local data for @types/hammerjs@https://registry.npmjs.org/@types/hammerjs/-/hammerjs-2.0.46.tgz. Extracting by manifest.
154 silly tarball no local data for react-native-gesture-handler@https://registry.npmjs.org/react-native-gesture-handler/-/react-native-gesture-handler-2.30.0.tgz. Extracting by manifest.
155 silly tarball no local data for @react-navigation/stack@https://registry.npmjs.org/@react-navigation/stack/-/stack-6.4.1.tgz. Extracting by manifest.
156 silly tarball no local data for react-native-screens@https://registry.npmjs.org/react-native-screens/-/react-native-screens-4.16.0.tgz. Extracting by manifest.
157 http fetch GET 200 https://registry.npmjs.org/hoist-non-react-statics/-/hoist-non-react-statics-3.3.2.tgz 55ms (cache miss)
158 http fetch POST 200 https://registry.npmjs.org/-/npm/v1/security/advisories/bulk 273ms
159 silly audit report {}
160 http fetch GET 200 https://registry.npmjs.org/@egjs/hammerjs/-/hammerjs-2.0.17.tgz 418ms (cache miss)
161 http fetch GET 200 https://registry.npmjs.org/@types/hammerjs/-/hammerjs-2.0.46.tgz 788ms (cache miss)
162 http fetch GET 200 https://registry.npmjs.org/@react-navigation/stack/-/stack-6.4.1.tgz 1000ms (cache miss)
163 http fetch GET 200 https://registry.npmjs.org/react-native-screens/-/react-native-screens-4.16.0.tgz 1801ms (cache miss)
164 http fetch GET 200 https://registry.npmjs.org/react-native-gesture-handler/-/react-native-gesture-handler-2.30.0.tgz 1832ms (cache miss)
165 silly ADD node_modules/is-arrayish
166 silly ADD node_modules/@types/hammerjs
167 silly ADD node_modules/hoist-non-react-statics
168 silly ADD node_modules/hoist-non-react-statics/node_modules/react-is
169 silly ADD node_modules/@egjs/hammerjs
170 silly ADD node_modules/simple-swizzle
171 silly ADD node_modules/color-string
172 silly ADD node_modules/color
173 silly ADD node_modules/color/node_modules/color-name
174 silly ADD node_modules/color/node_modules/color-convert
175 silly ADD node_modules/@react-navigation/elements
176 silly ADD node_modules/react-native-gesture-handler
177 silly ADD node_modules/@react-navigation/stack
178 silly CHANGE node_modules/react-native-screens
179 silly CHANGE node_modules/react-native-safe-area-context
180 verbose cwd /Users/minhazuddinchowdhury/Documents/Dev/tigoo-mvp-v1
181 verbose os Darwin 25.2.0
182 verbose node v24.13.0
183 verbose npm  v11.8.0
184 verbose exit 0
185 info ok
